{"/home/travis/build/npmtest/node-npmtest-micromatch/test.js":{"path":"/home/travis/build/npmtest/node-npmtest-micromatch/test.js","s":{"1":2,"2":2,"3":2,"4":2,"5":2,"6":2,"7":2,"8":1,"9":2,"10":2,"11":1,"12":1,"13":1,"14":1,"15":2,"16":2,"17":2,"18":2,"19":1,"20":1,"21":2,"22":2,"23":2,"24":1,"25":1,"26":1,"27":1,"28":1,"29":1,"30":1,"31":1,"32":1,"33":1,"34":1,"35":1,"36":1,"37":1,"38":1,"39":2,"40":2,"41":1,"42":2,"43":2,"44":1,"45":2,"46":2,"47":1,"48":2,"49":2,"50":1,"51":1,"52":1,"53":1,"54":1},"b":{"1":[2,1,1,1],"2":[1,1,1,1],"3":[1,1],"4":[1,1],"5":[1,1],"6":[1,1],"7":[1,1],"8":[1,1],"9":[1,1],"10":[1,1,1],"11":[1,1],"12":[1,1],"13":[1,1],"14":[1,1],"15":[1,1],"16":[1,1],"17":[1,1]},"f":{"1":2,"2":2,"3":2,"4":2,"5":2,"6":1,"7":1,"8":1,"9":2,"10":2,"11":2,"12":2,"13":1},"fnMap":{"1":{"name":"(anonymous_1)","line":12,"loc":{"start":{"line":12,"column":1},"end":{"line":12,"column":13}}},"2":{"name":"(anonymous_2)","line":19,"loc":{"start":{"line":19,"column":5},"end":{"line":19,"column":17}}},"3":{"name":"(anonymous_3)","line":23,"loc":{"start":{"line":23,"column":24},"end":{"line":23,"column":36}}},"4":{"name":"(anonymous_4)","line":61,"loc":{"start":{"line":61,"column":5},"end":{"line":61,"column":17}}},"5":{"name":"(anonymous_5)","line":82,"loc":{"start":{"line":82,"column":5},"end":{"line":82,"column":17}}},"6":{"name":"(anonymous_6)","line":91,"loc":{"start":{"line":91,"column":77},"end":{"line":94,"column":10}}},"7":{"name":"(anonymous_7)","line":112,"loc":{"start":{"line":112,"column":83},"end":{"line":115,"column":10}},"skip":true},"8":{"name":"(anonymous_8)","line":123,"loc":{"start":{"line":123,"column":77},"end":{"line":126,"column":10}},"skip":true},"9":{"name":"(anonymous_9)","line":139,"loc":{"start":{"line":139,"column":12},"end":{"line":139,"column":40}},"skip":true},"10":{"name":"(anonymous_10)","line":147,"loc":{"start":{"line":147,"column":77},"end":{"line":150,"column":10}},"skip":true},"11":{"name":"(anonymous_11)","line":158,"loc":{"start":{"line":158,"column":83},"end":{"line":161,"column":10}},"skip":true},"12":{"name":"(anonymous_12)","line":169,"loc":{"start":{"line":169,"column":79},"end":{"line":172,"column":10}},"skip":true},"13":{"name":"(anonymous_13)","line":180,"loc":{"start":{"line":180,"column":75},"end":{"line":183,"column":10}},"skip":true}},"statementMap":{"1":{"start":{"line":12,"column":0},"end":{"line":195,"column":5}},"2":{"start":{"line":14,"column":4},"end":{"line":14,"column":14}},"3":{"start":{"line":19,"column":4},"end":{"line":56,"column":9}},"4":{"start":{"line":21,"column":8},"end":{"line":21,"column":19}},"5":{"start":{"line":23,"column":8},"end":{"line":35,"column":13}},"6":{"start":{"line":24,"column":12},"end":{"line":34,"column":13}},"7":{"start":{"line":25,"column":16},"end":{"line":28,"column":30}},"8":{"start":{"line":30,"column":16},"end":{"line":33,"column":27}},"9":{"start":{"line":37,"column":8},"end":{"line":39,"column":21}},"10":{"start":{"line":40,"column":8},"end":{"line":53,"column":9}},"11":{"start":{"line":43,"column":12},"end":{"line":46,"column":14}},"12":{"start":{"line":47,"column":12},"end":{"line":47,"column":18}},"13":{"start":{"line":50,"column":12},"end":{"line":51,"column":46}},"14":{"start":{"line":52,"column":12},"end":{"line":52,"column":18}},"15":{"start":{"line":55,"column":8},"end":{"line":55,"column":35}},"16":{"start":{"line":61,"column":4},"end":{"line":63,"column":9}},"17":{"start":{"line":62,"column":8},"end":{"line":62,"column":15}},"18":{"start":{"line":64,"column":4},"end":{"line":77,"column":5}},"19":{"start":{"line":70,"column":8},"end":{"line":70,"column":14}},"20":{"start":{"line":76,"column":8},"end":{"line":76,"column":14}},"21":{"start":{"line":82,"column":4},"end":{"line":84,"column":9}},"22":{"start":{"line":83,"column":8},"end":{"line":83,"column":15}},"23":{"start":{"line":85,"column":4},"end":{"line":194,"column":5}},"24":{"start":{"line":91,"column":8},"end":{"line":99,"column":10}},"25":{"start":{"line":98,"column":12},"end":{"line":98,"column":35}},"26":{"start":{"line":102,"column":8},"end":{"line":104,"column":63}},"27":{"start":{"line":105,"column":8},"end":{"line":105,"column":14}},"28":{"start":{"line":112,"column":8},"end":{"line":121,"column":10},"skip":true},"29":{"start":{"line":119,"column":12},"end":{"line":119,"column":55},"skip":true},"30":{"start":{"line":120,"column":12},"end":{"line":120,"column":48},"skip":true},"31":{"start":{"line":123,"column":8},"end":{"line":136,"column":10},"skip":true},"32":{"start":{"line":130,"column":12},"end":{"line":130,"column":76},"skip":true},"33":{"start":{"line":131,"column":12},"end":{"line":131,"column":73},"skip":true},"34":{"start":{"line":132,"column":12},"end":{"line":132,"column":74},"skip":true},"35":{"start":{"line":133,"column":12},"end":{"line":133,"column":79},"skip":true},"36":{"start":{"line":134,"column":12},"end":{"line":134,"column":25},"skip":true},"37":{"start":{"line":135,"column":12},"end":{"line":135,"column":45},"skip":true},"38":{"start":{"line":138,"column":8},"end":{"line":145,"column":14},"skip":true},"39":{"start":{"line":143,"column":16},"end":{"line":143,"column":29},"skip":true},"40":{"start":{"line":144,"column":16},"end":{"line":144,"column":55},"skip":true},"41":{"start":{"line":147,"column":8},"end":{"line":156,"column":10},"skip":true},"42":{"start":{"line":154,"column":12},"end":{"line":154,"column":25},"skip":true},"43":{"start":{"line":155,"column":12},"end":{"line":155,"column":45},"skip":true},"44":{"start":{"line":158,"column":8},"end":{"line":167,"column":10},"skip":true},"45":{"start":{"line":165,"column":12},"end":{"line":165,"column":25},"skip":true},"46":{"start":{"line":166,"column":12},"end":{"line":166,"column":48},"skip":true},"47":{"start":{"line":169,"column":8},"end":{"line":178,"column":10},"skip":true},"48":{"start":{"line":176,"column":12},"end":{"line":176,"column":25},"skip":true},"49":{"start":{"line":177,"column":12},"end":{"line":177,"column":46},"skip":true},"50":{"start":{"line":180,"column":8},"end":{"line":189,"column":10},"skip":true},"51":{"start":{"line":187,"column":12},"end":{"line":187,"column":94},"skip":true},"52":{"start":{"line":188,"column":12},"end":{"line":188,"column":48},"skip":true},"53":{"start":{"line":192,"column":8},"end":{"line":192,"column":35},"skip":true},"54":{"start":{"line":193,"column":8},"end":{"line":193,"column":14},"skip":true}},"branchMap":{"1":{"line":25,"type":"binary-expr","locations":[{"start":{"line":25,"column":23},"end":{"line":25,"column":62}},{"start":{"line":26,"column":20},"end":{"line":26,"column":70}},{"start":{"line":27,"column":20},"end":{"line":27,"column":71}},{"start":{"line":28,"column":20},"end":{"line":28,"column":29}}]},"2":{"line":30,"type":"binary-expr","locations":[{"start":{"line":30,"column":23},"end":{"line":30,"column":37}},{"start":{"line":31,"column":20},"end":{"line":31,"column":61}},{"start":{"line":32,"column":20},"end":{"line":32,"column":70}},{"start":{"line":33,"column":20},"end":{"line":33,"column":26}}]},"3":{"line":37,"type":"cond-expr","locations":[{"start":{"line":38,"column":14},"end":{"line":38,"column":20}},{"start":{"line":39,"column":14},"end":{"line":39,"column":20}}]},"4":{"line":40,"type":"switch","locations":[{"start":{"line":42,"column":8},"end":{"line":47,"column":18}},{"start":{"line":49,"column":8},"end":{"line":52,"column":18}}]},"5":{"line":44,"type":"binary-expr","locations":[{"start":{"line":44,"column":16},"end":{"line":44,"column":44}},{"start":{"line":44,"column":48},"end":{"line":44,"column":66}}]},"6":{"line":50,"type":"binary-expr","locations":[{"start":{"line":50,"column":21},"end":{"line":50,"column":49}},{"start":{"line":50,"column":53},"end":{"line":50,"column":72}}]},"7":{"line":64,"type":"switch","locations":[{"start":{"line":69,"column":4},"end":{"line":70,"column":14}},{"start":{"line":75,"column":4},"end":{"line":76,"column":14}}]},"8":{"line":85,"type":"switch","locations":[{"start":{"line":90,"column":4},"end":{"line":105,"column":14}},{"start":{"line":111,"column":4},"end":{"line":193,"column":14},"skip":true}]},"9":{"line":91,"type":"binary-expr","locations":[{"start":{"line":91,"column":42},"end":{"line":91,"column":73}},{"start":{"line":91,"column":77},"end":{"line":99,"column":9}}]},"10":{"line":102,"type":"binary-expr","locations":[{"start":{"line":102,"column":18},"end":{"line":102,"column":32}},{"start":{"line":103,"column":12},"end":{"line":103,"column":53}},{"start":{"line":104,"column":12},"end":{"line":104,"column":61}}]},"11":{"line":112,"type":"binary-expr","locations":[{"start":{"line":112,"column":45},"end":{"line":112,"column":79},"skip":true},{"start":{"line":112,"column":83},"end":{"line":121,"column":9},"skip":true}]},"12":{"line":123,"type":"binary-expr","locations":[{"start":{"line":123,"column":42},"end":{"line":123,"column":73},"skip":true},{"start":{"line":123,"column":77},"end":{"line":136,"column":9},"skip":true}]},"13":{"line":138,"type":"binary-expr","locations":[{"start":{"line":138,"column":48},"end":{"line":138,"column":85},"skip":true},{"start":{"line":139,"column":12},"end":{"line":145,"column":13},"skip":true}]},"14":{"line":147,"type":"binary-expr","locations":[{"start":{"line":147,"column":42},"end":{"line":147,"column":73},"skip":true},{"start":{"line":147,"column":77},"end":{"line":156,"column":9},"skip":true}]},"15":{"line":158,"type":"binary-expr","locations":[{"start":{"line":158,"column":45},"end":{"line":158,"column":79},"skip":true},{"start":{"line":158,"column":83},"end":{"line":167,"column":9},"skip":true}]},"16":{"line":169,"type":"binary-expr","locations":[{"start":{"line":169,"column":43},"end":{"line":169,"column":75},"skip":true},{"start":{"line":169,"column":79},"end":{"line":178,"column":9},"skip":true}]},"17":{"line":180,"type":"binary-expr","locations":[{"start":{"line":180,"column":41},"end":{"line":180,"column":71},"skip":true},{"start":{"line":180,"column":75},"end":{"line":189,"column":9},"skip":true}]}},"code":["/* istanbul instrument in package npmtest_micromatch */","/*jslint","    bitwise: true,","    browser: true,","    maxerr: 8,","    maxlen: 96,","    node: true,","    nomen: true,","    regexp: true,","    stupid: true","*/","(function () {","    'use strict';","    var local;","","","","    // run shared js-env code - pre-init","    (function () {","        // init local","        local = {};","        // init modeJs","        local.modeJs = (function () {","            try {","                return typeof navigator.userAgent === 'string' &&","                    typeof document.querySelector('body') === 'object' &&","                    typeof XMLHttpRequest.prototype.open === 'function' &&","                    'browser';","            } catch (errorCaughtBrowser) {","                return module.exports &&","                    typeof process.versions.node === 'string' &&","                    typeof require('http').createServer === 'function' &&","                    'node';","            }","        }());","        // init global","        local.global = local.modeJs === 'browser'","            ? window","            : global;","        switch (local.modeJs) {","        // re-init local from window.local","        case 'browser':","            local = local.global.utility2.objectSetDefault(","                local.global.utility2_rollup || local.global.local,","                local.global.utility2","            );","            break;","        // re-init local from example.js","        case 'node':","            local = (local.global.utility2_rollup || require('utility2'))","                .requireExampleJsFromReadme();","            break;","        }","        // export local","        local.global.local = local;","    }());","","","","    // run shared js-env code - function","    (function () {","        return;","    }());","    switch (local.modeJs) {","","","","    // run browser js-env code - function","    case 'browser':","        break;","","","","    // run node js-env code - function","    case 'node':","        break;","    }","","","","    // run shared js-env code - post-init","    (function () {","        return;","    }());","    switch (local.modeJs) {","","","","    // run browser js-env code - post-init","    case 'browser':","        local.testCase_browser_nullCase = local.testCase_browser_nullCase || function (","            options,","            onError","        ) {","        /*","         * this function will test browsers's null-case handling-behavior-behavior","         */","            onError(null, options);","        };","","        // run tests","        local.nop(local.modeTest &&","            document.querySelector('#testRunButton1') &&","            document.querySelector('#testRunButton1').click());","        break;","","","","    // run node js-env code - post-init","    /* istanbul ignore next */","    case 'node':","        local.testCase_buildApidoc_default = local.testCase_buildApidoc_default || function (","            options,","            onError","        ) {","        /*","         * this function will test buildApidoc's default handling-behavior-behavior","         */","            options = { modulePathList: module.paths };","            local.buildApidoc(options, onError);","        };","","        local.testCase_buildApp_default = local.testCase_buildApp_default || function (","            options,","            onError","        ) {","        /*","         * this function will test buildApp's default handling-behavior-behavior","         */","            local.testCase_buildReadme_default(options, local.onErrorThrow);","            local.testCase_buildLib_default(options, local.onErrorThrow);","            local.testCase_buildTest_default(options, local.onErrorThrow);","            local.testCase_buildCustomOrg_default(options, local.onErrorThrow);","            options = [];","            local.buildApp(options, onError);","        };","","        local.testCase_buildCustomOrg_default = local.testCase_buildCustomOrg_default ||","            function (options, onError) {","            /*","             * this function will test buildCustomOrg's default handling-behavior","             */","                options = {};","                local.buildCustomOrg(options, onError);","            };","","        local.testCase_buildLib_default = local.testCase_buildLib_default || function (","            options,","            onError","        ) {","        /*","         * this function will test buildLib's default handling-behavior","         */","            options = {};","            local.buildLib(options, onError);","        };","","        local.testCase_buildReadme_default = local.testCase_buildReadme_default || function (","            options,","            onError","        ) {","        /*","         * this function will test buildReadme's default handling-behavior-behavior","         */","            options = {};","            local.buildReadme(options, onError);","        };","","        local.testCase_buildTest_default = local.testCase_buildTest_default || function (","            options,","            onError","        ) {","        /*","         * this function will test buildTest's default handling-behavior","         */","            options = {};","            local.buildTest(options, onError);","        };","","        local.testCase_webpage_default = local.testCase_webpage_default || function (","            options,","            onError","        ) {","        /*","         * this function will test webpage's default handling-behavior","         */","            options = { modeCoverageMerge: true, url: local.serverLocalHost + '?modeTest=1' };","            local.browserTest(options, onError);","        };","","        // run test-server","        local.testRunServer(local);","        break;","    }","}());",""],"l":{"12":2,"14":2,"19":2,"21":2,"23":2,"24":2,"25":2,"30":1,"37":2,"40":2,"43":1,"47":1,"50":1,"52":1,"55":2,"61":2,"62":2,"64":2,"70":1,"76":1,"82":2,"83":2,"85":2,"91":1,"98":1,"102":1,"105":1,"112":1,"119":1,"120":1,"123":1,"130":1,"131":1,"132":1,"133":1,"134":1,"135":1,"138":1,"143":2,"144":2,"147":1,"154":2,"155":2,"158":1,"165":2,"166":2,"169":1,"176":2,"177":2,"180":1,"187":1,"188":1,"192":1,"193":1}},"/home/travis/build/npmtest/node-npmtest-micromatch/lib.npmtest_micromatch.js":{"path":"/home/travis/build/npmtest/node-npmtest-micromatch/lib.npmtest_micromatch.js","s":{"1":2,"2":2,"3":2,"4":2,"5":2,"6":2,"7":2,"8":1,"9":2,"10":2,"11":2,"12":2,"13":1,"14":1,"15":1,"16":1},"b":{"1":[2,1,1,1],"2":[1,1,1,1],"3":[1,1],"4":[2,2],"5":[1,1]},"f":{"1":2,"2":2,"3":2},"fnMap":{"1":{"name":"(anonymous_1)","line":12,"loc":{"start":{"line":12,"column":1},"end":{"line":12,"column":13}}},"2":{"name":"(anonymous_2)","line":19,"loc":{"start":{"line":19,"column":5},"end":{"line":19,"column":17}}},"3":{"name":"(anonymous_3)","line":23,"loc":{"start":{"line":23,"column":24},"end":{"line":23,"column":36}}}},"statementMap":{"1":{"start":{"line":12,"column":0},"end":{"line":53,"column":5}},"2":{"start":{"line":14,"column":4},"end":{"line":14,"column":14}},"3":{"start":{"line":19,"column":4},"end":{"line":52,"column":9}},"4":{"start":{"line":21,"column":8},"end":{"line":21,"column":19}},"5":{"start":{"line":23,"column":8},"end":{"line":35,"column":13}},"6":{"start":{"line":24,"column":12},"end":{"line":34,"column":13}},"7":{"start":{"line":25,"column":16},"end":{"line":28,"column":30}},"8":{"start":{"line":30,"column":16},"end":{"line":33,"column":27}},"9":{"start":{"line":37,"column":8},"end":{"line":39,"column":21}},"10":{"start":{"line":41,"column":8},"end":{"line":41,"column":54}},"11":{"start":{"line":43,"column":8},"end":{"line":43,"column":55}},"12":{"start":{"line":45,"column":8},"end":{"line":51,"column":9}},"13":{"start":{"line":46,"column":12},"end":{"line":46,"column":61}},"14":{"start":{"line":48,"column":12},"end":{"line":48,"column":35}},"15":{"start":{"line":49,"column":12},"end":{"line":49,"column":49}},"16":{"start":{"line":50,"column":12},"end":{"line":50,"column":43}}},"branchMap":{"1":{"line":25,"type":"binary-expr","locations":[{"start":{"line":25,"column":23},"end":{"line":25,"column":62}},{"start":{"line":26,"column":20},"end":{"line":26,"column":70}},{"start":{"line":27,"column":20},"end":{"line":27,"column":71}},{"start":{"line":28,"column":20},"end":{"line":28,"column":29}}]},"2":{"line":30,"type":"binary-expr","locations":[{"start":{"line":30,"column":23},"end":{"line":30,"column":37}},{"start":{"line":31,"column":20},"end":{"line":31,"column":61}},{"start":{"line":32,"column":20},"end":{"line":32,"column":70}},{"start":{"line":33,"column":20},"end":{"line":33,"column":26}}]},"3":{"line":37,"type":"cond-expr","locations":[{"start":{"line":38,"column":14},"end":{"line":38,"column":20}},{"start":{"line":39,"column":14},"end":{"line":39,"column":20}}]},"4":{"line":41,"type":"binary-expr","locations":[{"start":{"line":41,"column":16},"end":{"line":41,"column":44}},{"start":{"line":41,"column":48},"end":{"line":41,"column":53}}]},"5":{"line":45,"type":"if","locations":[{"start":{"line":45,"column":8},"end":{"line":45,"column":8}},{"start":{"line":45,"column":8},"end":{"line":45,"column":8}}]}},"code":["/* istanbul instrument in package npmtest_micromatch */","/*jslint","    bitwise: true,","    browser: true,","    maxerr: 8,","    maxlen: 96,","    node: true,","    nomen: true,","    regexp: true,","    stupid: true","*/","(function () {","    'use strict';","    var local;","","","","    // run shared js-env code - pre-init","    (function () {","        // init local","        local = {};","        // init modeJs","        local.modeJs = (function () {","            try {","                return typeof navigator.userAgent === 'string' &&","                    typeof document.querySelector('body') === 'object' &&","                    typeof XMLHttpRequest.prototype.open === 'function' &&","                    'browser';","            } catch (errorCaughtBrowser) {","                return module.exports &&","                    typeof process.versions.node === 'string' &&","                    typeof require('http').createServer === 'function' &&","                    'node';","            }","        }());","        // init global","        local.global = local.modeJs === 'browser'","            ? window","            : global;","        // init utility2_rollup","        local = local.global.utility2_rollup || local;","        // init lib","        local.local = local.npmtest_micromatch = local;","        // init exports","        if (local.modeJs === 'browser') {","            local.global.utility2_npmtest_micromatch = local;","        } else {","            module.exports = local;","            module.exports.__dirname = __dirname;","            module.exports.module = module;","        }","    }());","}());",""],"l":{"12":2,"14":2,"19":2,"21":2,"23":2,"24":2,"25":2,"30":1,"37":2,"41":2,"43":2,"45":2,"46":1,"48":1,"49":1,"50":1}},"/home/travis/build/npmtest/node-npmtest-micromatch/example.js":{"path":"/home/travis/build/npmtest/node-npmtest-micromatch/example.js","s":{"1":2,"2":2,"3":2,"4":2,"5":2,"6":2,"7":2,"8":1,"9":2,"10":2,"11":2,"12":2,"13":1,"14":2,"15":2,"16":2,"17":2,"18":2,"19":0,"20":2,"21":1,"22":1,"23":1,"24":1,"25":1,"26":0,"27":0,"28":1,"29":1,"30":2,"31":0,"32":0,"33":0,"34":1,"35":2,"36":2,"37":3,"38":3,"39":3,"40":3,"41":0,"42":3,"43":3,"44":3,"45":1,"46":3,"47":1,"48":1,"49":1,"50":1,"51":1,"52":1,"53":1,"54":1,"55":1,"56":1,"57":0,"58":1,"59":6,"60":6,"61":1,"62":2,"63":0,"64":2,"65":1,"66":1,"67":0,"68":0,"69":0,"70":0,"71":0,"72":0,"73":0,"74":0,"75":0,"76":0,"77":0,"78":0,"79":0,"80":0,"81":0,"82":0,"83":0},"b":{"1":[2,1,1,1],"2":[1,1,1,1],"3":[1,1],"4":[2,2],"5":[1,1],"6":[1,1],"7":[2,0],"8":[2,1,1,1,1,1],"9":[0,2,0],"10":[1,1],"11":[2,1,1],"12":[1,0],"13":[0,2],"14":[2,0,0,0,0,0,0],"15":[0,3],"16":[3,0],"17":[1,1],"18":[0,1],"19":[1,2,0,2],"20":[1,0],"21":[1,1],"22":[0,0],"23":[0,0],"24":[0,0],"25":[0,0],"26":[0,0],"27":[0,0],"28":[0,0]},"f":{"1":2,"2":2,"3":2,"4":2,"5":2,"6":2,"7":3,"8":3,"9":3,"10":1,"11":6,"12":0},"fnMap":{"1":{"name":"(anonymous_1)","line":26,"loc":{"start":{"line":26,"column":1},"end":{"line":26,"column":13}}},"2":{"name":"(anonymous_2)","line":33,"loc":{"start":{"line":33,"column":5},"end":{"line":33,"column":17}}},"3":{"name":"(anonymous_3)","line":37,"loc":{"start":{"line":37,"column":24},"end":{"line":37,"column":36}}},"4":{"name":"(anonymous_4)","line":69,"loc":{"start":{"line":69,"column":31},"end":{"line":69,"column":48}},"skip":true},"5":{"name":"(anonymous_5)","line":78,"loc":{"start":{"line":78,"column":26},"end":{"line":78,"column":45}},"skip":true},"6":{"name":"(anonymous_6)","line":123,"loc":{"start":{"line":123,"column":33},"end":{"line":123,"column":48}},"skip":true},"7":{"name":"(anonymous_7)","line":125,"loc":{"start":{"line":125,"column":27},"end":{"line":125,"column":39}},"skip":true},"8":{"name":"(anonymous_8)","line":133,"loc":{"start":{"line":133,"column":59},"end":{"line":133,"column":74}},"skip":true},"9":{"name":"(anonymous_9)","line":143,"loc":{"start":{"line":143,"column":45},"end":{"line":143,"column":62}},"skip":true},"10":{"name":"(anonymous_10)","line":144,"loc":{"start":{"line":144,"column":73},"end":{"line":144,"column":92}},"skip":true},"11":{"name":"(anonymous_11)","line":272,"loc":{"start":{"line":272,"column":51},"end":{"line":272,"column":77}},"skip":true},"12":{"name":"(anonymous_12)","line":315,"loc":{"start":{"line":315,"column":32},"end":{"line":315,"column":61}},"skip":true}},"statementMap":{"1":{"start":{"line":26,"column":0},"end":{"line":326,"column":5}},"2":{"start":{"line":28,"column":4},"end":{"line":28,"column":14}},"3":{"start":{"line":33,"column":4},"end":{"line":60,"column":9}},"4":{"start":{"line":35,"column":8},"end":{"line":35,"column":19}},"5":{"start":{"line":37,"column":8},"end":{"line":49,"column":13}},"6":{"start":{"line":38,"column":12},"end":{"line":48,"column":13}},"7":{"start":{"line":39,"column":16},"end":{"line":42,"column":30}},"8":{"start":{"line":44,"column":16},"end":{"line":47,"column":27}},"9":{"start":{"line":51,"column":8},"end":{"line":53,"column":21}},"10":{"start":{"line":55,"column":8},"end":{"line":57,"column":45}},"11":{"start":{"line":59,"column":8},"end":{"line":59,"column":35}},"12":{"start":{"line":61,"column":4},"end":{"line":325,"column":5}},"13":{"start":{"line":69,"column":8},"end":{"line":121,"column":10},"skip":true},"14":{"start":{"line":70,"column":12},"end":{"line":88,"column":13},"skip":true},"15":{"start":{"line":76,"column":16},"end":{"line":87,"column":19},"skip":true},"16":{"start":{"line":79,"column":20},"end":{"line":86,"column":21},"skip":true},"17":{"start":{"line":82,"column":24},"end":{"line":82,"column":43},"skip":true},"18":{"start":{"line":83,"column":24},"end":{"line":83,"column":30},"skip":true},"19":{"start":{"line":85,"column":24},"end":{"line":85,"column":49},"skip":true},"20":{"start":{"line":89,"column":12},"end":{"line":107,"column":13},"skip":true},"21":{"start":{"line":92,"column":16},"end":{"line":102,"column":17},"skip":true},"22":{"start":{"line":93,"column":20},"end":{"line":93,"column":86},"skip":true},"23":{"start":{"line":94,"column":20},"end":{"line":95,"column":45},"skip":true},"24":{"start":{"line":96,"column":20},"end":{"line":96,"column":42},"skip":true},"25":{"start":{"line":97,"column":20},"end":{"line":97,"column":48},"skip":true},"26":{"start":{"line":100,"column":20},"end":{"line":100,"column":85},"skip":true},"27":{"start":{"line":101,"column":20},"end":{"line":101,"column":96},"skip":true},"28":{"start":{"line":103,"column":16},"end":{"line":103,"column":22},"skip":true},"29":{"start":{"line":106,"column":16},"end":{"line":106,"column":22},"skip":true},"30":{"start":{"line":108,"column":12},"end":{"line":120,"column":13},"skip":true},"31":{"start":{"line":114,"column":16},"end":{"line":119,"column":17},"skip":true},"32":{"start":{"line":116,"column":20},"end":{"line":116,"column":78},"skip":true},"33":{"start":{"line":118,"column":20},"end":{"line":118,"column":47},"skip":true},"34":{"start":{"line":123,"column":8},"end":{"line":141,"column":11},"skip":true},"35":{"start":{"line":124,"column":12},"end":{"line":124,"column":54},"skip":true},"36":{"start":{"line":125,"column":12},"end":{"line":140,"column":14},"skip":true},"37":{"start":{"line":126,"column":16},"end":{"line":126,"column":28},"skip":true},"38":{"start":{"line":127,"column":16},"end":{"line":127,"column":69},"skip":true},"39":{"start":{"line":128,"column":16},"end":{"line":128,"column":75},"skip":true},"40":{"start":{"line":129,"column":16},"end":{"line":131,"column":17},"skip":true},"41":{"start":{"line":130,"column":20},"end":{"line":130,"column":27},"skip":true},"42":{"start":{"line":133,"column":16},"end":{"line":137,"column":36},"skip":true},"43":{"start":{"line":134,"column":20},"end":{"line":136,"column":55},"skip":true},"44":{"start":{"line":139,"column":16},"end":{"line":139,"column":57},"skip":true},"45":{"start":{"line":143,"column":8},"end":{"line":147,"column":11},"skip":true},"46":{"start":{"line":144,"column":12},"end":{"line":146,"column":15},"skip":true},"47":{"start":{"line":145,"column":16},"end":{"line":145,"column":70},"skip":true},"48":{"start":{"line":149,"column":8},"end":{"line":149,"column":31},"skip":true},"49":{"start":{"line":150,"column":8},"end":{"line":150,"column":14},"skip":true},"50":{"start":{"line":158,"column":8},"end":{"line":158,"column":31},"skip":true},"51":{"start":{"line":160,"column":8},"end":{"line":160,"column":33},"skip":true},"52":{"start":{"line":161,"column":8},"end":{"line":161,"column":37},"skip":true},"53":{"start":{"line":162,"column":8},"end":{"line":162,"column":35},"skip":true},"54":{"start":{"line":164,"column":8},"end":{"line":164,"column":50},"skip":true},"55":{"start":{"line":166,"column":8},"end":{"line":256,"column":2},"skip":true},"56":{"start":{"line":258,"column":8},"end":{"line":286,"column":9},"skip":true},"57":{"start":{"line":259,"column":12},"end":{"line":269,"column":14},"skip":true},"58":{"start":{"line":271,"column":12},"end":{"line":285,"column":19},"skip":true},"59":{"start":{"line":274,"column":20},"end":{"line":274,"column":35},"skip":true},"60":{"start":{"line":275,"column":20},"end":{"line":284,"column":21},"skip":true},"61":{"start":{"line":277,"column":24},"end":{"line":277,"column":64},"skip":true},"62":{"start":{"line":279,"column":24},"end":{"line":279,"column":40},"skip":true},"63":{"start":{"line":281,"column":24},"end":{"line":281,"column":40},"skip":true},"64":{"start":{"line":283,"column":24},"end":{"line":283,"column":39},"skip":true},"65":{"start":{"line":288,"column":8},"end":{"line":290,"column":9},"skip":true},"66":{"start":{"line":289,"column":12},"end":{"line":289,"column":18},"skip":true},"67":{"start":{"line":291,"column":8},"end":{"line":293,"column":54},"skip":true},"68":{"start":{"line":296,"column":8},"end":{"line":301,"column":37},"skip":true},"69":{"start":{"line":303,"column":8},"end":{"line":303,"column":82},"skip":true},"70":{"start":{"line":306,"column":8},"end":{"line":308,"column":9},"skip":true},"71":{"start":{"line":307,"column":12},"end":{"line":307,"column":82},"skip":true},"72":{"start":{"line":310,"column":8},"end":{"line":312,"column":9},"skip":true},"73":{"start":{"line":311,"column":12},"end":{"line":311,"column":18},"skip":true},"74":{"start":{"line":313,"column":8},"end":{"line":313,"column":54},"skip":true},"75":{"start":{"line":314,"column":8},"end":{"line":314,"column":69},"skip":true},"76":{"start":{"line":315,"column":8},"end":{"line":323,"column":36},"skip":true},"77":{"start":{"line":316,"column":12},"end":{"line":316,"column":61},"skip":true},"78":{"start":{"line":317,"column":12},"end":{"line":320,"column":13},"skip":true},"79":{"start":{"line":318,"column":16},"end":{"line":318,"column":75},"skip":true},"80":{"start":{"line":319,"column":16},"end":{"line":319,"column":23},"skip":true},"81":{"start":{"line":321,"column":12},"end":{"line":321,"column":38},"skip":true},"82":{"start":{"line":322,"column":12},"end":{"line":322,"column":27},"skip":true},"83":{"start":{"line":324,"column":8},"end":{"line":324,"column":14},"skip":true}},"branchMap":{"1":{"line":39,"type":"binary-expr","locations":[{"start":{"line":39,"column":23},"end":{"line":39,"column":62}},{"start":{"line":40,"column":20},"end":{"line":40,"column":70}},{"start":{"line":41,"column":20},"end":{"line":41,"column":71}},{"start":{"line":42,"column":20},"end":{"line":42,"column":29}}]},"2":{"line":44,"type":"binary-expr","locations":[{"start":{"line":44,"column":23},"end":{"line":44,"column":37}},{"start":{"line":45,"column":20},"end":{"line":45,"column":61}},{"start":{"line":46,"column":20},"end":{"line":46,"column":70}},{"start":{"line":47,"column":20},"end":{"line":47,"column":26}}]},"3":{"line":51,"type":"cond-expr","locations":[{"start":{"line":52,"column":14},"end":{"line":52,"column":20}},{"start":{"line":53,"column":14},"end":{"line":53,"column":20}}]},"4":{"line":55,"type":"binary-expr","locations":[{"start":{"line":55,"column":16},"end":{"line":55,"column":44}},{"start":{"line":55,"column":49},"end":{"line":57,"column":43}}]},"5":{"line":55,"type":"cond-expr","locations":[{"start":{"line":56,"column":14},"end":{"line":56,"column":54}},{"start":{"line":57,"column":14},"end":{"line":57,"column":43}}]},"6":{"line":61,"type":"switch","locations":[{"start":{"line":68,"column":4},"end":{"line":150,"column":14},"skip":true},{"start":{"line":156,"column":4},"end":{"line":324,"column":14},"skip":true}]},"7":{"line":70,"type":"if","locations":[{"start":{"line":70,"column":12},"end":{"line":70,"column":12},"skip":true},{"start":{"line":70,"column":12},"end":{"line":70,"column":12},"skip":true}]},"8":{"line":70,"type":"binary-expr","locations":[{"start":{"line":70,"column":16},"end":{"line":70,"column":22},"skip":true},{"start":{"line":70,"column":27},"end":{"line":70,"column":32},"skip":true},{"start":{"line":71,"column":20},"end":{"line":71,"column":39},"skip":true},{"start":{"line":72,"column":20},"end":{"line":72,"column":49},"skip":true},{"start":{"line":73,"column":20},"end":{"line":73,"column":58},"skip":true},{"start":{"line":74,"column":20},"end":{"line":74,"column":69},"skip":true}]},"9":{"line":79,"type":"switch","locations":[{"start":{"line":80,"column":20},"end":{"line":80,"column":33},"skip":true},{"start":{"line":81,"column":20},"end":{"line":83,"column":30},"skip":true},{"start":{"line":84,"column":20},"end":{"line":85,"column":49},"skip":true}]},"10":{"line":89,"type":"switch","locations":[{"start":{"line":90,"column":12},"end":{"line":103,"column":22},"skip":true},{"start":{"line":105,"column":12},"end":{"line":106,"column":22},"skip":true}]},"11":{"line":89,"type":"binary-expr","locations":[{"start":{"line":89,"column":20},"end":{"line":89,"column":25},"skip":true},{"start":{"line":89,"column":29},"end":{"line":89,"column":48},"skip":true},{"start":{"line":89,"column":52},"end":{"line":89,"column":74},"skip":true}]},"12":{"line":92,"type":"if","locations":[{"start":{"line":92,"column":16},"end":{"line":92,"column":16},"skip":true},{"start":{"line":92,"column":16},"end":{"line":92,"column":16},"skip":true}]},"13":{"line":108,"type":"if","locations":[{"start":{"line":108,"column":12},"end":{"line":108,"column":12},"skip":true},{"start":{"line":108,"column":12},"end":{"line":108,"column":12},"skip":true}]},"14":{"line":108,"type":"binary-expr","locations":[{"start":{"line":108,"column":16},"end":{"line":108,"column":61},"skip":true},{"start":{"line":108,"column":66},"end":{"line":108,"column":72},"skip":true},{"start":{"line":108,"column":77},"end":{"line":108,"column":82},"skip":true},{"start":{"line":109,"column":20},"end":{"line":109,"column":39},"skip":true},{"start":{"line":110,"column":20},"end":{"line":110,"column":49},"skip":true},{"start":{"line":111,"column":20},"end":{"line":111,"column":58},"skip":true},{"start":{"line":112,"column":20},"end":{"line":112,"column":68},"skip":true}]},"15":{"line":129,"type":"if","locations":[{"start":{"line":129,"column":16},"end":{"line":129,"column":16},"skip":true},{"start":{"line":129,"column":16},"end":{"line":129,"column":16},"skip":true}]},"16":{"line":134,"type":"cond-expr","locations":[{"start":{"line":135,"column":26},"end":{"line":135,"column":29},"skip":true},{"start":{"line":136,"column":26},"end":{"line":136,"column":54},"skip":true}]},"17":{"line":164,"type":"binary-expr","locations":[{"start":{"line":164,"column":27},"end":{"line":164,"column":43},"skip":true},{"start":{"line":164,"column":47},"end":{"line":164,"column":49},"skip":true}]},"18":{"line":258,"type":"if","locations":[{"start":{"line":258,"column":8},"end":{"line":258,"column":8},"skip":true},{"start":{"line":258,"column":8},"end":{"line":258,"column":8},"skip":true}]},"19":{"line":275,"type":"switch","locations":[{"start":{"line":276,"column":20},"end":{"line":277,"column":64},"skip":true},{"start":{"line":278,"column":20},"end":{"line":279,"column":40},"skip":true},{"start":{"line":280,"column":20},"end":{"line":281,"column":40},"skip":true},{"start":{"line":282,"column":20},"end":{"line":283,"column":39},"skip":true}]},"20":{"line":288,"type":"if","locations":[{"start":{"line":288,"column":8},"end":{"line":288,"column":8},"skip":true},{"start":{"line":288,"column":8},"end":{"line":288,"column":8},"skip":true}]},"21":{"line":288,"type":"binary-expr","locations":[{"start":{"line":288,"column":12},"end":{"line":288,"column":40},"skip":true},{"start":{"line":288,"column":44},"end":{"line":288,"column":67},"skip":true}]},"22":{"line":292,"type":"binary-expr","locations":[{"start":{"line":292,"column":12},"end":{"line":292,"column":50},"skip":true},{"start":{"line":293,"column":12},"end":{"line":293,"column":53},"skip":true}]},"23":{"line":297,"type":"binary-expr","locations":[{"start":{"line":297,"column":12},"end":{"line":297,"column":68},"skip":true},{"start":{"line":298,"column":12},"end":{"line":301,"column":36},"skip":true}]},"24":{"line":303,"type":"binary-expr","locations":[{"start":{"line":303,"column":43},"end":{"line":303,"column":75},"skip":true},{"start":{"line":303,"column":79},"end":{"line":303,"column":81},"skip":true}]},"25":{"line":306,"type":"if","locations":[{"start":{"line":306,"column":8},"end":{"line":306,"column":8},"skip":true},{"start":{"line":306,"column":8},"end":{"line":306,"column":8},"skip":true}]},"26":{"line":310,"type":"if","locations":[{"start":{"line":310,"column":8},"end":{"line":310,"column":8},"skip":true},{"start":{"line":310,"column":8},"end":{"line":310,"column":8},"skip":true}]},"27":{"line":313,"type":"binary-expr","locations":[{"start":{"line":313,"column":27},"end":{"line":313,"column":43},"skip":true},{"start":{"line":313,"column":47},"end":{"line":313,"column":53},"skip":true}]},"28":{"line":317,"type":"if","locations":[{"start":{"line":317,"column":12},"end":{"line":317,"column":12},"skip":true},{"start":{"line":317,"column":12},"end":{"line":317,"column":12},"skip":true}]}},"code":["/*","example.js","","quickstart example","","instruction","    1. save this script as example.js","    2. run the shell command:","        $ npm install npmtest-micromatch && PORT=8081 node example.js","    3. play with the browser-demo on http://127.0.0.1:8081","*/","","","","/* istanbul instrument in package npmtest_micromatch */","/*jslint","    bitwise: true,","    browser: true,","    maxerr: 8,","    maxlen: 96,","    node: true,","    nomen: true,","    regexp: true,","    stupid: true","*/","(function () {","    'use strict';","    var local;","","","","    // run shared js-env code - pre-init","    (function () {","        // init local","        local = {};","        // init modeJs","        local.modeJs = (function () {","            try {","                return typeof navigator.userAgent === 'string' &&","                    typeof document.querySelector('body') === 'object' &&","                    typeof XMLHttpRequest.prototype.open === 'function' &&","                    'browser';","            } catch (errorCaughtBrowser) {","                return module.exports &&","                    typeof process.versions.node === 'string' &&","                    typeof require('http').createServer === 'function' &&","                    'node';","            }","        }());","        // init global","        local.global = local.modeJs === 'browser'","            ? window","            : global;","        // init utility2_rollup","        local = local.global.utility2_rollup || (local.modeJs === 'browser'","            ? local.global.utility2_npmtest_micromatch","            : global.utility2_moduleExports);","        // export local","        local.global.local = local;","    }());","    switch (local.modeJs) {","","","","    // post-init","    // run browser js-env code - post-init","    /* istanbul ignore next */","    case 'browser':","        local.testRunBrowser = function (event) {","            if (!event || (event &&","                    event.currentTarget &&","                    event.currentTarget.className &&","                    event.currentTarget.className.includes &&","                    event.currentTarget.className.includes('onreset'))) {","                // reset output","                Array.from(","                    document.querySelectorAll('body > .resettable')","                ).forEach(function (element) {","                    switch (element.tagName) {","                    case 'INPUT':","                    case 'TEXTAREA':","                        element.value = '';","                        break;","                    default:","                        element.textContent = '';","                    }","                });","            }","            switch (event && event.currentTarget && event.currentTarget.id) {","            case 'testRunButton1':","                // show tests","                if (document.querySelector('#testReportDiv1').style.display === 'none') {","                    document.querySelector('#testReportDiv1').style.display = 'block';","                    document.querySelector('#testRunButton1').textContent =","                        'hide internal test';","                    local.modeTest = true;","                    local.testRunDefault(local);","                // hide tests","                } else {","                    document.querySelector('#testReportDiv1').style.display = 'none';","                    document.querySelector('#testRunButton1').textContent = 'run internal test';","                }","                break;","            // custom-case","            default:","                break;","            }","            if (document.querySelector('#inputTextareaEval1') && (!event || (event &&","                    event.currentTarget &&","                    event.currentTarget.className &&","                    event.currentTarget.className.includes &&","                    event.currentTarget.className.includes('oneval')))) {","                // try to eval input-code","                try {","                    /*jslint evil: true*/","                    eval(document.querySelector('#inputTextareaEval1').value);","                } catch (errorCaught) {","                    console.error(errorCaught);","                }","            }","        };","        // log stderr and stdout to #outputTextareaStdout1","        ['error', 'log'].forEach(function (key) {","            console[key + '_original'] = console[key];","            console[key] = function () {","                var element;","                console[key + '_original'].apply(console, arguments);","                element = document.querySelector('#outputTextareaStdout1');","                if (!element) {","                    return;","                }","                // append text to #outputTextareaStdout1","                element.value += Array.from(arguments).map(function (arg) {","                    return typeof arg === 'string'","                        ? arg","                        : JSON.stringify(arg, null, 4);","                }).join(' ') + '\\n';","                // scroll textarea to bottom","                element.scrollTop = element.scrollHeight;","            };","        });","        // init event-handling","        ['change', 'click', 'keyup'].forEach(function (event) {","            Array.from(document.querySelectorAll('.on' + event)).forEach(function (element) {","                element.addEventListener(event, local.testRunBrowser);","            });","        });","        // run tests","        local.testRunBrowser();","        break;","","","","    // run node js-env code - post-init","    /* istanbul ignore next */","    case 'node':","        // export local","        module.exports = local;","        // require modules","        local.fs = require('fs');","        local.http = require('http');","        local.url = require('url');","        // init assets","        local.assetsDict = local.assetsDict || {};","        /* jslint-ignore-begin */","        local.assetsDict['/assets.index.template.html'] = '\\","<!doctype html>\\n\\","<html lang=\"en\">\\n\\","<head>\\n\\","<meta charset=\"UTF-8\">\\n\\","<meta name=\"viewport\" content=\"width=device-width, initial-scale=1\">\\n\\","<title>{{env.npm_package_name}} (v{{env.npm_package_version}})</title>\\n\\","<style>\\n\\","/*csslint\\n\\","    box-sizing: false,\\n\\","    universal-selector: false\\n\\","*/\\n\\","* {\\n\\","    box-sizing: border-box;\\n\\","}\\n\\","body {\\n\\","    background: #dde;\\n\\","    font-family: Arial, Helvetica, sans-serif;\\n\\","    margin: 2rem;\\n\\","}\\n\\","body > * {\\n\\","    margin-bottom: 1rem;\\n\\","}\\n\\",".utility2FooterDiv {\\n\\","    margin-top: 20px;\\n\\","    text-align: center;\\n\\","}\\n\\","</style>\\n\\","<style>\\n\\","/*csslint\\n\\","*/\\n\\","textarea {\\n\\","    font-family: monospace;\\n\\","    height: 10rem;\\n\\","    width: 100%;\\n\\","}\\n\\","textarea[readonly] {\\n\\","    background: #ddd;\\n\\","}\\n\\","</style>\\n\\","</head>\\n\\","<body>\\n\\","<!-- utility2-comment\\n\\","<div id=\"ajaxProgressDiv1\" style=\"background: #d00; height: 2px; left: 0; margin: 0; padding: 0; position: fixed; top: 0; transition: background 0.5s, width 1.5s; width: 25%;\"></div>\\n\\","utility2-comment -->\\n\\","<h1>\\n\\","<!-- utility2-comment\\n\\","    <a\\n\\","        {{#if env.npm_package_homepage}}\\n\\","        href=\"{{env.npm_package_homepage}}\"\\n\\","        {{/if env.npm_package_homepage}}\\n\\","        target=\"_blank\"\\n\\","    >\\n\\","utility2-comment -->\\n\\","        {{env.npm_package_name}} (v{{env.npm_package_version}})\\n\\","<!-- utility2-comment\\n\\","    </a>\\n\\","utility2-comment -->\\n\\","</h1>\\n\\","<h3>{{env.npm_package_description}}</h3>\\n\\","<!-- utility2-comment\\n\\","<h4><a download href=\"assets.app.js\">download standalone app</a></h4>\\n\\","<button class=\"onclick onreset\" id=\"testRunButton1\">run internal test</button><br>\\n\\","<div id=\"testReportDiv1\" style=\"display: none;\"></div>\\n\\","utility2-comment -->\\n\\","\\n\\","\\n\\","\\n\\","<label>stderr and stdout</label>\\n\\","<textarea class=\"resettable\" id=\"outputTextareaStdout1\" readonly></textarea>\\n\\","<!-- utility2-comment\\n\\","{{#if isRollup}}\\n\\","<script src=\"assets.app.js\"></script>\\n\\","{{#unless isRollup}}\\n\\","utility2-comment -->\\n\\","<script src=\"assets.utility2.rollup.js\"></script>\\n\\","<script src=\"jsonp.utility2._stateInit?callback=window.utility2._stateInit\"></script>\\n\\","<script src=\"assets.npmtest_micromatch.rollup.js\"></script>\\n\\","<script src=\"assets.example.js\"></script>\\n\\","<script src=\"assets.test.js\"></script>\\n\\","<!-- utility2-comment\\n\\","{{/if isRollup}}\\n\\","utility2-comment -->\\n\\","<div class=\"utility2FooterDiv\">\\n\\","    [ this app was created with\\n\\","    <a href=\"https://github.com/kaizhu256/node-utility2\" target=\"_blank\">utility2</a>\\n\\","    ]\\n\\","</div>\\n\\","</body>\\n\\","</html>\\n\\","';","        /* jslint-ignore-end */","        if (local.templateRender) {","            local.assetsDict['/'] = local.templateRender(","                local.assetsDict['/assets.index.template.html'],","                {","                    env: local.objectSetDefault(local.env, {","                        npm_package_description: 'the greatest app in the world!',","                        npm_package_name: 'my-app',","                        npm_package_nameAlias: 'my_app',","                        npm_package_version: '0.0.1'","                    })","                }","            );","        } else {","            local.assetsDict['/'] = local.assetsDict['/assets.index.template.html']","                .replace((/\\{\\{env\\.(\\w+?)\\}\\}/g), function (match0, match1) {","                    // jslint-hack","                    String(match0);","                    switch (match1) {","                    case 'npm_package_description':","                        return 'the greatest app in the world!';","                    case 'npm_package_name':","                        return 'my-app';","                    case 'npm_package_nameAlias':","                        return 'my_app';","                    case 'npm_package_version':","                        return '0.0.1';","                    }","                });","        }","        // run the cli","        if (local.global.utility2_rollup || module !== require.main) {","            break;","        }","        local.assetsDict['/assets.example.js'] =","            local.assetsDict['/assets.example.js'] ||","            local.fs.readFileSync(__filename, 'utf8');","        // bug-workaround - long $npm_package_buildCustomOrg","        /* jslint-ignore-begin */","        local.assetsDict['/assets.npmtest_micromatch.rollup.js'] =","            local.assetsDict['/assets.npmtest_micromatch.rollup.js'] ||","            local.fs.readFileSync(","                local.npmtest_micromatch.__dirname + '/lib.npmtest_micromatch.js',","                'utf8'","            ).replace((/^#!/), '//');","        /* jslint-ignore-end */","        local.assetsDict['/favicon.ico'] = local.assetsDict['/favicon.ico'] || '';","        // if $npm_config_timeout_exit exists,","        // then exit this process after $npm_config_timeout_exit ms","        if (Number(process.env.npm_config_timeout_exit)) {","            setTimeout(process.exit, Number(process.env.npm_config_timeout_exit));","        }","        // start server","        if (local.global.utility2_serverHttp1) {","            break;","        }","        process.env.PORT = process.env.PORT || '8081';","        console.error('server starting on port ' + process.env.PORT);","        local.http.createServer(function (request, response) {","            request.urlParsed = local.url.parse(request.url);","            if (local.assetsDict[request.urlParsed.pathname] !== undefined) {","                response.end(local.assetsDict[request.urlParsed.pathname]);","                return;","            }","            response.statusCode = 404;","            response.end();","        }).listen(process.env.PORT);","        break;","    }","}());",""],"l":{"26":2,"28":2,"33":2,"35":2,"37":2,"38":2,"39":2,"44":1,"51":2,"55":2,"59":2,"61":2,"69":1,"70":2,"76":2,"79":2,"82":2,"83":2,"85":1,"89":2,"92":1,"93":1,"94":1,"96":1,"97":1,"100":1,"101":1,"103":1,"106":1,"108":2,"114":1,"116":1,"118":1,"123":1,"124":2,"125":2,"126":3,"127":3,"128":3,"129":3,"130":1,"133":3,"134":3,"139":3,"143":1,"144":3,"145":1,"149":1,"150":1,"158":1,"160":1,"161":1,"162":1,"164":1,"166":1,"258":1,"259":1,"271":1,"274":6,"275":6,"277":1,"279":2,"281":1,"283":2,"288":1,"289":1,"291":1,"296":1,"303":1,"306":1,"307":1,"310":1,"311":1,"313":1,"314":1,"315":1,"316":1,"317":1,"318":1,"319":1,"321":1,"322":1,"324":1}},"/home/travis/build/npmtest/node-npmtest-micromatch/node_modules/micromatch/index.js":{"path":"/home/travis/build/npmtest/node-npmtest-micromatch/node_modules/micromatch/index.js","s":{"1":1,"2":1,"3":1,"4":0,"5":0,"6":0,"7":0,"8":0,"9":0,"10":0,"11":0,"12":0,"13":0,"14":0,"15":0,"16":0,"17":0,"18":0,"19":1,"20":0,"21":0,"22":0,"23":0,"24":0,"25":0,"26":0,"27":0,"28":0,"29":0,"30":0,"31":0,"32":0,"33":0,"34":0,"35":0,"36":0,"37":0,"38":0,"39":0,"40":0,"41":0,"42":0,"43":0,"44":0,"45":0,"46":0,"47":0,"48":0,"49":0,"50":0,"51":0,"52":0,"53":0,"54":0,"55":1,"56":0,"57":0,"58":0,"59":0,"60":0,"61":0,"62":0,"63":0,"64":0,"65":0,"66":0,"67":0,"68":0,"69":0,"70":0,"71":0,"72":0,"73":0,"74":0,"75":1,"76":0,"77":0,"78":0,"79":0,"80":0,"81":0,"82":1,"83":0,"84":0,"85":0,"86":0,"87":0,"88":0,"89":0,"90":0,"91":1,"92":0,"93":0,"94":0,"95":0,"96":0,"97":0,"98":0,"99":0,"100":0,"101":0,"102":1,"103":0,"104":0,"105":0,"106":0,"107":0,"108":0,"109":0,"110":0,"111":1,"112":0,"113":0,"114":0,"115":0,"116":0,"117":0,"118":0,"119":0,"120":0,"121":0,"122":0,"123":0,"124":0,"125":0,"126":0,"127":0,"128":1,"129":0,"130":0,"131":0,"132":0,"133":0,"134":0,"135":0,"136":0,"137":0,"138":0,"139":0,"140":0,"141":0,"142":0,"143":0,"144":0,"145":1,"146":0,"147":0,"148":0,"149":0,"150":0,"151":0,"152":1,"153":0,"154":0,"155":0,"156":1,"157":0,"158":1,"159":1,"160":1,"161":1,"162":1,"163":1,"164":1,"165":1,"166":1,"167":1,"168":1},"b":{"1":[0,0],"2":[0,0],"3":[0,0],"4":[0,0],"5":[0,0],"6":[0,0],"7":[0,0],"8":[0,0],"9":[0,0],"10":[0,0],"11":[0,0],"12":[0,0],"13":[0,0],"14":[0,0],"15":[0,0],"16":[0,0],"17":[0,0],"18":[0,0],"19":[0,0],"20":[0,0],"21":[0,0],"22":[0,0],"23":[0,0],"24":[0,0],"25":[0,0],"26":[0,0],"27":[0,0],"28":[0,0],"29":[0,0],"30":[0,0],"31":[0,0],"32":[0,0],"33":[0,0],"34":[0,0],"35":[0,0],"36":[0,0],"37":[0,0],"38":[0,0],"39":[0,0],"40":[0,0],"41":[0,0],"42":[0,0],"43":[0,0],"44":[0,0],"45":[0,0],"46":[0,0],"47":[0,0],"48":[0,0],"49":[0,0],"50":[0,0],"51":[0,0],"52":[0,0],"53":[0,0],"54":[0,0],"55":[0,0],"56":[0,0],"57":[0,0],"58":[0,0]},"f":{"1":0,"2":0,"3":0,"4":0,"5":0,"6":0,"7":0,"8":0,"9":0,"10":0,"11":0,"12":0,"13":0,"14":0,"15":0},"fnMap":{"1":{"name":"micromatch","line":23,"loc":{"start":{"line":23,"column":0},"end":{"line":23,"column":43}}},"2":{"name":"match","line":62,"loc":{"start":{"line":62,"column":0},"end":{"line":62,"column":37}}},"3":{"name":"filter","line":139,"loc":{"start":{"line":139,"column":0},"end":{"line":139,"column":32}}},"4":{"name":"(anonymous_4)","line":151,"loc":{"start":{"line":151,"column":9},"end":{"line":151,"column":22}}},"5":{"name":"isMatch","line":185,"loc":{"start":{"line":185,"column":0},"end":{"line":185,"column":36}}},"6":{"name":"contains","line":202,"loc":{"start":{"line":202,"column":0},"end":{"line":202,"column":37}}},"7":{"name":"any","line":227,"loc":{"start":{"line":227,"column":0},"end":{"line":227,"column":33}}},"8":{"name":"matchKeys","line":254,"loc":{"start":{"line":254,"column":0},"end":{"line":254,"column":39}}},"9":{"name":"matcher","line":279,"loc":{"start":{"line":279,"column":0},"end":{"line":279,"column":32}}},"10":{"name":"(anonymous_10)","line":286,"loc":{"start":{"line":286,"column":11},"end":{"line":286,"column":24}}},"11":{"name":"(anonymous_11)","line":310,"loc":{"start":{"line":310,"column":9},"end":{"line":310,"column":22}}},"12":{"name":"toRegex","line":328,"loc":{"start":{"line":328,"column":0},"end":{"line":328,"column":32}}},"13":{"name":"wrapGlob","line":365,"loc":{"start":{"line":365,"column":0},"end":{"line":365,"column":30}}},"14":{"name":"makeRe","line":385,"loc":{"start":{"line":385,"column":0},"end":{"line":385,"column":28}}},"15":{"name":"msg","line":407,"loc":{"start":{"line":407,"column":0},"end":{"line":407,"column":33}}}},"statementMap":{"1":{"start":{"line":10,"column":0},"end":{"line":10,"column":37}},"2":{"start":{"line":11,"column":0},"end":{"line":11,"column":35}},"3":{"start":{"line":23,"column":0},"end":{"line":47,"column":1}},"4":{"start":{"line":24,"column":2},"end":{"line":24,"column":37}},"5":{"start":{"line":24,"column":27},"end":{"line":24,"column":37}},"6":{"start":{"line":25,"column":2},"end":{"line":25,"column":20}},"7":{"start":{"line":27,"column":2},"end":{"line":29,"column":3}},"8":{"start":{"line":28,"column":4},"end":{"line":28,"column":22}},"9":{"start":{"line":31,"column":2},"end":{"line":33,"column":3}},"10":{"start":{"line":32,"column":4},"end":{"line":32,"column":40}},"11":{"start":{"line":35,"column":2},"end":{"line":35,"column":35}},"12":{"start":{"line":36,"column":2},"end":{"line":36,"column":27}},"13":{"start":{"line":38,"column":2},"end":{"line":45,"column":3}},"14":{"start":{"line":39,"column":4},"end":{"line":39,"column":29}},"15":{"start":{"line":40,"column":4},"end":{"line":44,"column":5}},"16":{"start":{"line":41,"column":6},"end":{"line":41,"column":63}},"17":{"start":{"line":43,"column":6},"end":{"line":43,"column":54}},"18":{"start":{"line":46,"column":2},"end":{"line":46,"column":32}},"19":{"start":{"line":62,"column":0},"end":{"line":122,"column":1}},"20":{"start":{"line":63,"column":2},"end":{"line":65,"column":3}},"21":{"start":{"line":64,"column":4},"end":{"line":64,"column":64}},"22":{"start":{"line":67,"column":2},"end":{"line":67,"column":32}},"23":{"start":{"line":68,"column":2},"end":{"line":68,"column":20}},"24":{"start":{"line":70,"column":2},"end":{"line":70,"column":36}},"25":{"start":{"line":71,"column":2},"end":{"line":71,"column":21}},"26":{"start":{"line":73,"column":2},"end":{"line":84,"column":3}},"27":{"start":{"line":74,"column":4},"end":{"line":74,"column":39}},"28":{"start":{"line":75,"column":4},"end":{"line":77,"column":5}},"29":{"start":{"line":76,"column":6},"end":{"line":76,"column":33}},"30":{"start":{"line":81,"column":4},"end":{"line":83,"column":5}},"31":{"start":{"line":82,"column":6},"end":{"line":82,"column":21}},"32":{"start":{"line":86,"column":2},"end":{"line":86,"column":40}},"33":{"start":{"line":87,"column":2},"end":{"line":87,"column":32}},"34":{"start":{"line":88,"column":2},"end":{"line":88,"column":15}},"35":{"start":{"line":90,"column":2},"end":{"line":96,"column":3}},"36":{"start":{"line":91,"column":4},"end":{"line":91,"column":26}},"37":{"start":{"line":92,"column":4},"end":{"line":92,"column":39}},"38":{"start":{"line":94,"column":4},"end":{"line":94,"column":36}},"39":{"start":{"line":94,"column":25},"end":{"line":94,"column":34}},"40":{"start":{"line":95,"column":4},"end":{"line":95,"column":17}},"41":{"start":{"line":98,"column":2},"end":{"line":106,"column":3}},"42":{"start":{"line":99,"column":4},"end":{"line":101,"column":5}},"43":{"start":{"line":100,"column":6},"end":{"line":100,"column":82}},"44":{"start":{"line":103,"column":4},"end":{"line":105,"column":5}},"45":{"start":{"line":104,"column":6},"end":{"line":104,"column":41}},"46":{"start":{"line":109,"column":2},"end":{"line":109,"column":47}},"47":{"start":{"line":109,"column":16},"end":{"line":109,"column":45}},"48":{"start":{"line":112,"column":2},"end":{"line":116,"column":3}},"49":{"start":{"line":113,"column":4},"end":{"line":113,"column":26}},"50":{"start":{"line":114,"column":4},"end":{"line":114,"column":40}},"51":{"start":{"line":115,"column":4},"end":{"line":115,"column":58}},"52":{"start":{"line":118,"column":2},"end":{"line":120,"column":3}},"53":{"start":{"line":119,"column":4},"end":{"line":119,"column":29}},"54":{"start":{"line":121,"column":2},"end":{"line":121,"column":13}},"55":{"start":{"line":139,"column":0},"end":{"line":166,"column":1}},"56":{"start":{"line":140,"column":2},"end":{"line":142,"column":3}},"57":{"start":{"line":141,"column":4},"end":{"line":141,"column":72}},"58":{"start":{"line":144,"column":2},"end":{"line":144,"column":38}},"59":{"start":{"line":145,"column":2},"end":{"line":145,"column":35}},"60":{"start":{"line":146,"column":2},"end":{"line":146,"column":35}},"61":{"start":{"line":147,"column":2},"end":{"line":149,"column":3}},"62":{"start":{"line":148,"column":4},"end":{"line":148,"column":54}},"63":{"start":{"line":151,"column":2},"end":{"line":165,"column":4}},"64":{"start":{"line":152,"column":4},"end":{"line":152,"column":30}},"65":{"start":{"line":152,"column":20},"end":{"line":152,"column":30}},"66":{"start":{"line":153,"column":4},"end":{"line":153,"column":44}},"67":{"start":{"line":154,"column":4},"end":{"line":154,"column":19}},"68":{"start":{"line":156,"column":4},"end":{"line":156,"column":33}},"69":{"start":{"line":157,"column":4},"end":{"line":163,"column":5}},"70":{"start":{"line":158,"column":6},"end":{"line":158,"column":36}},"71":{"start":{"line":159,"column":6},"end":{"line":162,"column":7}},"72":{"start":{"line":160,"column":8},"end":{"line":160,"column":20}},"73":{"start":{"line":161,"column":8},"end":{"line":161,"column":14}},"74":{"start":{"line":164,"column":4},"end":{"line":164,"column":15}},"75":{"start":{"line":185,"column":0},"end":{"line":195,"column":1}},"76":{"start":{"line":186,"column":2},"end":{"line":188,"column":3}},"77":{"start":{"line":187,"column":4},"end":{"line":187,"column":64}},"78":{"start":{"line":190,"column":2},"end":{"line":190,"column":31}},"79":{"start":{"line":191,"column":2},"end":{"line":193,"column":3}},"80":{"start":{"line":192,"column":4},"end":{"line":192,"column":32}},"81":{"start":{"line":194,"column":2},"end":{"line":194,"column":36}},"82":{"start":{"line":202,"column":0},"end":{"line":215,"column":1}},"83":{"start":{"line":203,"column":2},"end":{"line":205,"column":3}},"84":{"start":{"line":204,"column":4},"end":{"line":204,"column":64}},"85":{"start":{"line":207,"column":2},"end":{"line":207,"column":20}},"86":{"start":{"line":208,"column":2},"end":{"line":208,"column":35}},"87":{"start":{"line":209,"column":2},"end":{"line":209,"column":31}},"88":{"start":{"line":211,"column":2},"end":{"line":213,"column":3}},"89":{"start":{"line":212,"column":4},"end":{"line":212,"column":38}},"90":{"start":{"line":214,"column":2},"end":{"line":214,"column":36}},"91":{"start":{"line":227,"column":0},"end":{"line":243,"column":1}},"92":{"start":{"line":228,"column":2},"end":{"line":230,"column":3}},"93":{"start":{"line":229,"column":4},"end":{"line":229,"column":69}},"94":{"start":{"line":232,"column":2},"end":{"line":232,"column":38}},"95":{"start":{"line":233,"column":2},"end":{"line":233,"column":28}},"96":{"start":{"line":235,"column":2},"end":{"line":235,"column":31}},"97":{"start":{"line":236,"column":2},"end":{"line":241,"column":3}},"98":{"start":{"line":237,"column":4},"end":{"line":237,"column":47}},"99":{"start":{"line":238,"column":4},"end":{"line":240,"column":5}},"100":{"start":{"line":239,"column":6},"end":{"line":239,"column":18}},"101":{"start":{"line":242,"column":2},"end":{"line":242,"column":15}},"102":{"start":{"line":254,"column":0},"end":{"line":268,"column":1}},"103":{"start":{"line":255,"column":2},"end":{"line":257,"column":3}},"104":{"start":{"line":256,"column":4},"end":{"line":256,"column":73}},"105":{"start":{"line":259,"column":2},"end":{"line":259,"column":34}},"106":{"start":{"line":260,"column":2},"end":{"line":260,"column":15}},"107":{"start":{"line":262,"column":2},"end":{"line":266,"column":3}},"108":{"start":{"line":263,"column":4},"end":{"line":265,"column":5}},"109":{"start":{"line":264,"column":6},"end":{"line":264,"column":26}},"110":{"start":{"line":267,"column":2},"end":{"line":267,"column":13}},"111":{"start":{"line":279,"column":0},"end":{"line":314,"column":1}},"112":{"start":{"line":281,"column":2},"end":{"line":283,"column":3}},"113":{"start":{"line":282,"column":4},"end":{"line":282,"column":19}},"114":{"start":{"line":285,"column":2},"end":{"line":289,"column":3}},"115":{"start":{"line":286,"column":4},"end":{"line":288,"column":6}},"116":{"start":{"line":287,"column":6},"end":{"line":287,"column":30}},"117":{"start":{"line":291,"column":2},"end":{"line":293,"column":3}},"118":{"start":{"line":292,"column":4},"end":{"line":292,"column":83}},"119":{"start":{"line":296,"column":2},"end":{"line":296,"column":41}},"120":{"start":{"line":299,"column":2},"end":{"line":301,"column":3}},"121":{"start":{"line":300,"column":4},"end":{"line":300,"column":42}},"122":{"start":{"line":303,"column":2},"end":{"line":303,"column":33}},"123":{"start":{"line":306,"column":2},"end":{"line":308,"column":3}},"124":{"start":{"line":307,"column":4},"end":{"line":307,"column":39}},"125":{"start":{"line":310,"column":2},"end":{"line":313,"column":4}},"126":{"start":{"line":311,"column":4},"end":{"line":311,"column":33}},"127":{"start":{"line":312,"column":4},"end":{"line":312,"column":23}},"128":{"start":{"line":328,"column":0},"end":{"line":355,"column":1}},"129":{"start":{"line":330,"column":2},"end":{"line":330,"column":42}},"130":{"start":{"line":331,"column":2},"end":{"line":331,"column":31}},"131":{"start":{"line":332,"column":2},"end":{"line":334,"column":3}},"132":{"start":{"line":333,"column":4},"end":{"line":333,"column":17}},"133":{"start":{"line":336,"column":2},"end":{"line":336,"column":34}},"134":{"start":{"line":339,"column":2},"end":{"line":339,"column":48}},"135":{"start":{"line":340,"column":2},"end":{"line":340,"column":29}},"136":{"start":{"line":341,"column":2},"end":{"line":341,"column":40}},"137":{"start":{"line":342,"column":2},"end":{"line":342,"column":9}},"138":{"start":{"line":344,"column":2},"end":{"line":350,"column":3}},"139":{"start":{"line":345,"column":4},"end":{"line":345,"column":33}},"140":{"start":{"line":346,"column":4},"end":{"line":346,"column":14}},"141":{"start":{"line":348,"column":4},"end":{"line":348,"column":58}},"142":{"start":{"line":349,"column":4},"end":{"line":349,"column":48}},"143":{"start":{"line":349,"column":21},"end":{"line":349,"column":48}},"144":{"start":{"line":354,"column":2},"end":{"line":354,"column":14}},"145":{"start":{"line":365,"column":0},"end":{"line":373,"column":1}},"146":{"start":{"line":366,"column":2},"end":{"line":366,"column":51}},"147":{"start":{"line":367,"column":2},"end":{"line":367,"column":50}},"148":{"start":{"line":368,"column":2},"end":{"line":368,"column":38}},"149":{"start":{"line":369,"column":2},"end":{"line":371,"column":3}},"150":{"start":{"line":370,"column":4},"end":{"line":370,"column":45}},"151":{"start":{"line":372,"column":2},"end":{"line":372,"column":23}},"152":{"start":{"line":385,"column":0},"end":{"line":390,"column":1}},"153":{"start":{"line":386,"column":2},"end":{"line":388,"column":3}},"154":{"start":{"line":387,"column":4},"end":{"line":387,"column":55}},"155":{"start":{"line":389,"column":2},"end":{"line":389,"column":42}},"156":{"start":{"line":407,"column":0},"end":{"line":409,"column":1}},"157":{"start":{"line":408,"column":2},"end":{"line":408,"column":77}},"158":{"start":{"line":416,"column":0},"end":{"line":416,"column":27}},"159":{"start":{"line":417,"column":0},"end":{"line":417,"column":61}},"160":{"start":{"line":418,"column":0},"end":{"line":418,"column":32}},"161":{"start":{"line":419,"column":0},"end":{"line":419,"column":30}},"162":{"start":{"line":420,"column":0},"end":{"line":420,"column":30}},"163":{"start":{"line":421,"column":0},"end":{"line":421,"column":31}},"164":{"start":{"line":422,"column":0},"end":{"line":422,"column":30}},"165":{"start":{"line":423,"column":0},"end":{"line":423,"column":29}},"166":{"start":{"line":424,"column":0},"end":{"line":424,"column":31}},"167":{"start":{"line":425,"column":0},"end":{"line":425,"column":33}},"168":{"start":{"line":431,"column":0},"end":{"line":431,"column":28}}},"branchMap":{"1":{"line":24,"type":"if","locations":[{"start":{"line":24,"column":2},"end":{"line":24,"column":2}},{"start":{"line":24,"column":2},"end":{"line":24,"column":2}}]},"2":{"line":24,"type":"binary-expr","locations":[{"start":{"line":24,"column":6},"end":{"line":24,"column":12}},{"start":{"line":24,"column":16},"end":{"line":24,"column":25}}]},"3":{"line":25,"type":"binary-expr","locations":[{"start":{"line":25,"column":9},"end":{"line":25,"column":13}},{"start":{"line":25,"column":17},"end":{"line":25,"column":19}}]},"4":{"line":27,"type":"if","locations":[{"start":{"line":27,"column":2},"end":{"line":27,"column":2}},{"start":{"line":27,"column":2},"end":{"line":27,"column":2}}]},"5":{"line":31,"type":"if","locations":[{"start":{"line":31,"column":2},"end":{"line":31,"column":2}},{"start":{"line":31,"column":2},"end":{"line":31,"column":2}}]},"6":{"line":40,"type":"if","locations":[{"start":{"line":40,"column":4},"end":{"line":40,"column":4}},{"start":{"line":40,"column":4},"end":{"line":40,"column":4}}]},"7":{"line":40,"type":"binary-expr","locations":[{"start":{"line":40,"column":8},"end":{"line":40,"column":32}},{"start":{"line":40,"column":36},"end":{"line":40,"column":61}}]},"8":{"line":63,"type":"if","locations":[{"start":{"line":63,"column":2},"end":{"line":63,"column":2}},{"start":{"line":63,"column":2},"end":{"line":63,"column":2}}]},"9":{"line":63,"type":"binary-expr","locations":[{"start":{"line":63,"column":6},"end":{"line":63,"column":38}},{"start":{"line":63,"column":42},"end":{"line":63,"column":63}}]},"10":{"line":68,"type":"binary-expr","locations":[{"start":{"line":68,"column":9},"end":{"line":68,"column":13}},{"start":{"line":68,"column":17},"end":{"line":68,"column":19}}]},"11":{"line":70,"type":"binary-expr","locations":[{"start":{"line":70,"column":15},"end":{"line":70,"column":26}},{"start":{"line":70,"column":30},"end":{"line":70,"column":35}}]},"12":{"line":73,"type":"if","locations":[{"start":{"line":73,"column":2},"end":{"line":73,"column":2}},{"start":{"line":73,"column":2},"end":{"line":73,"column":2}}]},"13":{"line":75,"type":"if","locations":[{"start":{"line":75,"column":4},"end":{"line":75,"column":4}},{"start":{"line":75,"column":4},"end":{"line":75,"column":4}}]},"14":{"line":81,"type":"if","locations":[{"start":{"line":81,"column":4},"end":{"line":81,"column":4}},{"start":{"line":81,"column":4},"end":{"line":81,"column":4}}]},"15":{"line":94,"type":"if","locations":[{"start":{"line":94,"column":4},"end":{"line":94,"column":4}},{"start":{"line":94,"column":4},"end":{"line":94,"column":4}}]},"16":{"line":98,"type":"if","locations":[{"start":{"line":98,"column":2},"end":{"line":98,"column":2}},{"start":{"line":98,"column":2},"end":{"line":98,"column":2}}]},"17":{"line":99,"type":"if","locations":[{"start":{"line":99,"column":4},"end":{"line":99,"column":4}},{"start":{"line":99,"column":4},"end":{"line":99,"column":4}}]},"18":{"line":103,"type":"if","locations":[{"start":{"line":103,"column":4},"end":{"line":103,"column":4}},{"start":{"line":103,"column":4},"end":{"line":103,"column":4}}]},"19":{"line":103,"type":"binary-expr","locations":[{"start":{"line":103,"column":8},"end":{"line":103,"column":19}},{"start":{"line":103,"column":23},"end":{"line":103,"column":36}}]},"20":{"line":109,"type":"if","locations":[{"start":{"line":109,"column":2},"end":{"line":109,"column":2}},{"start":{"line":109,"column":2},"end":{"line":109,"column":2}}]},"21":{"line":112,"type":"if","locations":[{"start":{"line":112,"column":2},"end":{"line":112,"column":2}},{"start":{"line":112,"column":2},"end":{"line":112,"column":2}}]},"22":{"line":112,"type":"binary-expr","locations":[{"start":{"line":112,"column":6},"end":{"line":112,"column":17}},{"start":{"line":112,"column":21},"end":{"line":112,"column":39}}]},"23":{"line":118,"type":"if","locations":[{"start":{"line":118,"column":2},"end":{"line":118,"column":2}},{"start":{"line":118,"column":2},"end":{"line":118,"column":2}}]},"24":{"line":140,"type":"if","locations":[{"start":{"line":140,"column":2},"end":{"line":140,"column":2}},{"start":{"line":140,"column":2},"end":{"line":140,"column":2}}]},"25":{"line":140,"type":"binary-expr","locations":[{"start":{"line":140,"column":6},"end":{"line":140,"column":30}},{"start":{"line":140,"column":34},"end":{"line":140,"column":62}}]},"26":{"line":152,"type":"if","locations":[{"start":{"line":152,"column":4},"end":{"line":152,"column":4}},{"start":{"line":152,"column":4},"end":{"line":152,"column":4}}]},"27":{"line":159,"type":"if","locations":[{"start":{"line":159,"column":6},"end":{"line":159,"column":6}},{"start":{"line":159,"column":6},"end":{"line":159,"column":6}}]},"28":{"line":186,"type":"if","locations":[{"start":{"line":186,"column":2},"end":{"line":186,"column":2}},{"start":{"line":186,"column":2},"end":{"line":186,"column":2}}]},"29":{"line":191,"type":"if","locations":[{"start":{"line":191,"column":2},"end":{"line":191,"column":2}},{"start":{"line":191,"column":2},"end":{"line":191,"column":2}}]},"30":{"line":203,"type":"if","locations":[{"start":{"line":203,"column":2},"end":{"line":203,"column":2}},{"start":{"line":203,"column":2},"end":{"line":203,"column":2}}]},"31":{"line":207,"type":"binary-expr","locations":[{"start":{"line":207,"column":9},"end":{"line":207,"column":13}},{"start":{"line":207,"column":17},"end":{"line":207,"column":19}}]},"32":{"line":211,"type":"if","locations":[{"start":{"line":211,"column":2},"end":{"line":211,"column":2}},{"start":{"line":211,"column":2},"end":{"line":211,"column":2}}]},"33":{"line":211,"type":"binary-expr","locations":[{"start":{"line":211,"column":6},"end":{"line":211,"column":19}},{"start":{"line":211,"column":23},"end":{"line":211,"column":45}}]},"34":{"line":228,"type":"if","locations":[{"start":{"line":228,"column":2},"end":{"line":228,"column":2}},{"start":{"line":228,"column":2},"end":{"line":228,"column":2}}]},"35":{"line":228,"type":"binary-expr","locations":[{"start":{"line":228,"column":6},"end":{"line":228,"column":30}},{"start":{"line":228,"column":34},"end":{"line":228,"column":62}}]},"36":{"line":238,"type":"if","locations":[{"start":{"line":238,"column":4},"end":{"line":238,"column":4}},{"start":{"line":238,"column":4},"end":{"line":238,"column":4}}]},"37":{"line":255,"type":"if","locations":[{"start":{"line":255,"column":2},"end":{"line":255,"column":2}},{"start":{"line":255,"column":2},"end":{"line":255,"column":2}}]},"38":{"line":263,"type":"if","locations":[{"start":{"line":263,"column":4},"end":{"line":263,"column":4}},{"start":{"line":263,"column":4},"end":{"line":263,"column":4}}]},"39":{"line":263,"type":"binary-expr","locations":[{"start":{"line":263,"column":8},"end":{"line":263,"column":31}},{"start":{"line":263,"column":35},"end":{"line":263,"column":42}}]},"40":{"line":281,"type":"if","locations":[{"start":{"line":281,"column":2},"end":{"line":281,"column":2}},{"start":{"line":281,"column":2},"end":{"line":281,"column":2}}]},"41":{"line":285,"type":"if","locations":[{"start":{"line":285,"column":2},"end":{"line":285,"column":2}},{"start":{"line":285,"column":2},"end":{"line":285,"column":2}}]},"42":{"line":291,"type":"if","locations":[{"start":{"line":291,"column":2},"end":{"line":291,"column":2}},{"start":{"line":291,"column":2},"end":{"line":291,"column":2}}]},"43":{"line":299,"type":"if","locations":[{"start":{"line":299,"column":2},"end":{"line":299,"column":2}},{"start":{"line":299,"column":2},"end":{"line":299,"column":2}}]},"44":{"line":306,"type":"if","locations":[{"start":{"line":306,"column":2},"end":{"line":306,"column":2}},{"start":{"line":306,"column":2},"end":{"line":306,"column":2}}]},"45":{"line":306,"type":"binary-expr","locations":[{"start":{"line":306,"column":6},"end":{"line":306,"column":10}},{"start":{"line":306,"column":14},"end":{"line":306,"column":28}}]},"46":{"line":330,"type":"binary-expr","locations":[{"start":{"line":330,"column":27},"end":{"line":330,"column":34}},{"start":{"line":330,"column":38},"end":{"line":330,"column":40}}]},"47":{"line":331,"type":"binary-expr","locations":[{"start":{"line":331,"column":14},"end":{"line":331,"column":24}},{"start":{"line":331,"column":28},"end":{"line":331,"column":30}}]},"48":{"line":332,"type":"if","locations":[{"start":{"line":332,"column":2},"end":{"line":332,"column":2}},{"start":{"line":332,"column":2},"end":{"line":332,"column":2}}]},"49":{"line":332,"type":"binary-expr","locations":[{"start":{"line":332,"column":6},"end":{"line":332,"column":17}},{"start":{"line":332,"column":21},"end":{"line":332,"column":46}}]},"50":{"line":339,"type":"binary-expr","locations":[{"start":{"line":339,"column":17},"end":{"line":339,"column":29}},{"start":{"line":339,"column":33},"end":{"line":339,"column":47}}]},"51":{"line":349,"type":"if","locations":[{"start":{"line":349,"column":4},"end":{"line":349,"column":4}},{"start":{"line":349,"column":4},"end":{"line":349,"column":4}}]},"52":{"line":366,"type":"cond-expr","locations":[{"start":{"line":366,"column":42},"end":{"line":366,"column":45}},{"start":{"line":366,"column":48},"end":{"line":366,"column":50}}]},"53":{"line":366,"type":"binary-expr","locations":[{"start":{"line":366,"column":16},"end":{"line":366,"column":20}},{"start":{"line":366,"column":24},"end":{"line":366,"column":38}}]},"54":{"line":367,"type":"cond-expr","locations":[{"start":{"line":367,"column":41},"end":{"line":367,"column":44}},{"start":{"line":367,"column":47},"end":{"line":367,"column":49}}]},"55":{"line":367,"type":"binary-expr","locations":[{"start":{"line":367,"column":15},"end":{"line":367,"column":19}},{"start":{"line":367,"column":23},"end":{"line":367,"column":37}}]},"56":{"line":369,"type":"if","locations":[{"start":{"line":369,"column":2},"end":{"line":369,"column":2}},{"start":{"line":369,"column":2},"end":{"line":369,"column":2}}]},"57":{"line":369,"type":"binary-expr","locations":[{"start":{"line":369,"column":6},"end":{"line":369,"column":10}},{"start":{"line":369,"column":14},"end":{"line":369,"column":25}}]},"58":{"line":386,"type":"if","locations":[{"start":{"line":386,"column":2},"end":{"line":386,"column":2}},{"start":{"line":386,"column":2},"end":{"line":386,"column":2}}]}},"code":["/*!"," * micromatch <https://github.com/jonschlinkert/micromatch>"," *"," * Copyright (c) 2014-2015, Jon Schlinkert."," * Licensed under the MIT License."," */","","'use strict';","","var expand = require('./lib/expand');","var utils = require('./lib/utils');","","/**"," * The main function. Pass an array of filepaths,"," * and a string or array of glob patterns"," *"," * @param  {Array|String} `files`"," * @param  {Array|String} `patterns`"," * @param  {Object} `opts`"," * @return {Array} Array of matches"," */","","function micromatch(files, patterns, opts) {","  if (!files || !patterns) return [];","  opts = opts || {};","","  if (typeof opts.cache === 'undefined') {","    opts.cache = true;","  }","","  if (!Array.isArray(patterns)) {","    return match(files, patterns, opts);","  }","","  var len = patterns.length, i = 0;","  var omit = [], keep = [];","","  while (len--) {","    var glob = patterns[i++];","    if (typeof glob === 'string' && glob.charCodeAt(0) === 33 /* ! */) {","      omit.push.apply(omit, match(files, glob.slice(1), opts));","    } else {","      keep.push.apply(keep, match(files, glob, opts));","    }","  }","  return utils.diff(keep, omit);","}","","/**"," * Return an array of files that match the given glob pattern."," *"," * This function is called by the main `micromatch` function If you only"," * need to pass a single pattern you might get very minor speed improvements"," * using this function."," *"," * @param  {Array} `files`"," * @param  {String} `pattern`"," * @param  {Object} `options`"," * @return {Array}"," */","","function match(files, pattern, opts) {","  if (utils.typeOf(files) !== 'string' && !Array.isArray(files)) {","    throw new Error(msg('match', 'files', 'a string or array'));","  }","","  files = utils.arrayify(files);","  opts = opts || {};","","  var negate = opts.negate || false;","  var orig = pattern;","","  if (typeof pattern === 'string') {","    negate = pattern.charAt(0) === '!';","    if (negate) {","      pattern = pattern.slice(1);","    }","","    // we need to remove the character regardless,","    // so the above logic is still needed","    if (opts.nonegate === true) {","      negate = false;","    }","  }","","  var _isMatch = matcher(pattern, opts);","  var len = files.length, i = 0;","  var res = [];","","  while (i < len) {","    var file = files[i++];","    var fp = utils.unixify(file, opts);","","    if (!_isMatch(fp)) { continue; }","    res.push(fp);","  }","","  if (res.length === 0) {","    if (opts.failglob === true) {","      throw new Error('micromatch.match() found no matches for: \"' + orig + '\".');","    }","","    if (opts.nonull || opts.nullglob) {","      res.push(utils.unescapeGlob(orig));","    }","  }","","  // if `negate` was defined, diff negated files","  if (negate) { res = utils.diff(files, res); }","","  // if `ignore` was defined, diff ignored filed","  if (opts.ignore && opts.ignore.length) {","    pattern = opts.ignore;","    opts = utils.omit(opts, ['ignore']);","    res = utils.diff(res, micromatch(res, pattern, opts));","  }","","  if (opts.nodupes) {","    return utils.unique(res);","  }","  return res;","}","","/**"," * Returns a function that takes a glob pattern or array of glob patterns"," * to be used with `Array#filter()`. (Internally this function generates"," * the matching function using the [matcher] method)."," *"," * ```js"," * var fn = mm.filter('[a-c]');"," * ['a', 'b', 'c', 'd', 'e'].filter(fn);"," * //=> ['a', 'b', 'c']"," * ```"," * @param  {String|Array} `patterns` Can be a glob or array of globs."," * @param  {Options} `opts` Options to pass to the [matcher] method."," * @return {Function} Filter function to be passed to `Array#filter()`."," */","","function filter(patterns, opts) {","  if (!Array.isArray(patterns) && typeof patterns !== 'string') {","    throw new TypeError(msg('filter', 'patterns', 'a string or array'));","  }","","  patterns = utils.arrayify(patterns);","  var len = patterns.length, i = 0;","  var patternMatchers = Array(len);","  while (i < len) {","    patternMatchers[i] = matcher(patterns[i++], opts);","  }","","  return function(fp) {","    if (fp == null) return [];","    var len = patternMatchers.length, i = 0;","    var res = true;","","    fp = utils.unixi
[...]
120":0,"121":0,"123":0,"124":0,"126":0,"133":1,"134":0,"137":1,"138":0,"141":1,"142":0,"149":1}},"/home/travis/build/npmtest/node-npmtest-micromatch/node_modules/micromatch/lib/glob.js":{"path":"/home/travis/build/npmtest/node-npmtest-micromatch/node_modules/micromatch/lib/glob.js","s":{"1":1,"2":1,"3":1,"4":0,"5":0,"6":0,"7":0,"8":0,"9":0,"10":0,"11":1,"12":0,"13":0,"14":0,"15":0,"16":1,"17":0,"18":0,"19":1,"20":0,"21":0,"22":0,"23":0,"24":1,"25":0,"26":0,"27":0,"28":0,"29":0,"30":0,"31":0,"32":1,"33":0,"34":0,"35":1,"36":0,"37":0,"38":0,"39":0,"40":1,"41":0,"42":0,"43":1,"44":0,"45":0,"46":0,"47":0,"48":0,"49":0,"50":0,"51":1,"52":0,"53":0,"54":0,"55":0,"56":0,"57":0,"58":0,"59":0,"60":0,"61":0,"62":0,"63":1,"64":0,"65":0,"66":0,"67":0,"68":1,"69":0,"70":0,"71":0,"72":1,"73":0,"74":0,"75":0},"b":{"1":[0,0],"2":[0,0],"3":[0,0],"4":[0,0],"5":[0,0],"6":[0,0],"7":[0,0],"8":[0,0],"9":[0,0,0],"10":[0,0],"11":[0,0],"12":[0,0],"13":[0,0],"14":[0,0],"15":[0,0],"16":[0,0,0],"17":[0,0],"18":[0,0],"19":[0,0]},"f":{"1":0,"2":0,"3":0,"4":0,"5":0,"6":0,"7":0,"8":0,"9":0,"10":0,"11":0,"12":0,"13":0,"14":0,"15":0},"fnMap":{"1":{"name":"Glob","line":10,"loc":{"start":{"line":10,"column":28},"end":{"line":10,"column":60}}},"2":{"name":"(anonymous_2)","line":25,"loc":{"start":{"line":25,"column":22},"end":{"line":25,"column":40}}},"3":{"name":"(anonymous_3)","line":37,"loc":{"start":{"line":37,"column":23},"end":{"line":37,"column":37}}},"4":{"name":"(anonymous_4)","line":50,"loc":{"start":{"line":50,"column":27},"end":{"line":50,"column":38}}},"5":{"name":"(anonymous_5)","line":65,"loc":{"start":{"line":65,"column":24},"end":{"line":65,"column":35}}},"6":{"name":"(anonymous_6)","line":86,"loc":{"start":{"line":86,"column":26},"end":{"line":86,"column":37}}},"7":{"name":"(anonymous_7)","line":96,"loc":{"start":{"line":96,"column":25},"end":{"line":96,"column":36}}},"8":{"name":"(anonymous_8)","line":108,"loc":{"start":{"line":108,"column":23},"end":{"line":108,"column":41}}},"9":{"name":"(anonymous_9)","line":127,"loc":{"start":{"line":127,"column":26},"end":{"line":127,"column":49}}},"10":{"name":"(anonymous_10)","line":145,"loc":{"start":{"line":145,"column":24},"end":{"line":145,"column":38}}},"11":{"name":"(anonymous_11)","line":149,"loc":{"start":{"line":149,"column":33},"end":{"line":149,"column":50}}},"12":{"name":"(anonymous_12)","line":171,"loc":{"start":{"line":171,"column":26},"end":{"line":171,"column":40}}},"13":{"name":"(anonymous_13)","line":173,"loc":{"start":{"line":173,"column":33},"end":{"line":173,"column":50}}},"14":{"name":"esc","line":183,"loc":{"start":{"line":183,"column":0},"end":{"line":183,"column":18}}},"15":{"name":"unesc","line":189,"loc":{"start":{"line":189,"column":0},"end":{"line":189,"column":20}}}},"statementMap":{"1":{"start":{"line":3,"column":0},"end":{"line":3,"column":31}},"2":{"start":{"line":4,"column":0},"end":{"line":4,"column":31}},"3":{"start":{"line":10,"column":0},"end":{"line":19,"column":2}},"4":{"start":{"line":11,"column":2},"end":{"line":13,"column":3}},"5":{"start":{"line":12,"column":4},"end":{"line":12,"column":38}},"6":{"start":{"line":14,"column":2},"end":{"line":14,"column":31}},"7":{"start":{"line":15,"column":2},"end":{"line":15,"column":25}},"8":{"start":{"line":16,"column":2},"end":{"line":16,"column":20}},"9":{"start":{"line":17,"column":2},"end":{"line":17,"column":19}},"10":{"start":{"line":18,"column":2},"end":{"line":18,"column":21}},"11":{"start":{"line":25,"column":0},"end":{"line":30,"column":2}},"12":{"start":{"line":26,"column":2},"end":{"line":26,"column":22}},"13":{"start":{"line":27,"column":2},"end":{"line":27,"column":34}},"14":{"start":{"line":28,"column":2},"end":{"line":28,"column":51}},"15":{"start":{"line":29,"column":2},"end":{"line":29,"column":29}},"16":{"start":{"line":37,"column":0},"end":{"line":41,"column":2}},"17":{"start":{"line":38,"column":2},"end":{"line":40,"column":3}},"18":{"start":{"line":39,"column":4},"end":{"line":39,"column":57}},"19":{"start":{"line":50,"column":0},"end":{"line":56,"column":2}},"20":{"start":{"line":51,"column":2},"end":{"line":54,"column":3}},"21":{"start":{"line":52,"column":4},"end":{"line":52,"column":41}},"22":{"start":{"line":53,"column":4},"end":{"line":53,"column":16}},"23":{"start":{"line":55,"column":2},"end":{"line":55,"column":15}},"24":{"start":{"line":65,"column":0},"end":{"line":80,"column":2}},"25":{"start":{"line":66,"column":2},"end":{"line":79,"column":3}},"26":{"start":{"line":68,"column":4},"end":{"line":68,"column":44}},"27":{"start":{"line":69,"column":4},"end":{"line":69,"column":44}},"28":{"start":{"line":72,"column":4},"end":{"line":74,"column":5}},"29":{"start":{"line":73,"column":6},"end":{"line":73,"column":34}},"30":{"start":{"line":77,"column":4},"end":{"line":77,"column":60}},"31":{"start":{"line":78,"column":4},"end":{"line":78,"column":38}},"32":{"start":{"line":86,"column":0},"end":{"line":90,"column":2}},"33":{"start":{"line":87,"column":2},"end":{"line":89,"column":3}},"34":{"start":{"line":88,"column":4},"end":{"line":88,"column":48}},"35":{"start":{"line":96,"column":0},"end":{"line":102,"column":2}},"36":{"start":{"line":97,"column":2},"end":{"line":97,"column":46}},"37":{"start":{"line":97,"column":39},"end":{"line":97,"column":46}},"38":{"start":{"line":99,"column":2},"end":{"line":101,"column":3}},"39":{"start":{"line":100,"column":4},"end":{"line":100,"column":63}},"40":{"start":{"line":108,"column":0},"end":{"line":111,"column":2}},"41":{"start":{"line":109,"column":2},"end":{"line":109,"column":63}},"42":{"start":{"line":110,"column":2},"end":{"line":110,"column":21}},"43":{"start":{"line":127,"column":0},"end":{"line":136,"column":2}},"44":{"start":{"line":128,"column":2},"end":{"line":128,"column":71}},"45":{"start":{"line":129,"column":2},"end":{"line":129,"column":25}},"46":{"start":{"line":129,"column":14},"end":{"line":129,"column":25}},"47":{"start":{"line":130,"column":2},"end":{"line":134,"column":3}},"48":{"start":{"line":131,"column":4},"end":{"line":131,"column":49}},"49":{"start":{"line":133,"column":4},"end":{"line":133,"column":46}},"50":{"start":{"line":135,"column":2},"end":{"line":135,"column":22}},"51":{"start":{"line":145,"column":0},"end":{"line":162,"column":2}},"52":{"start":{"line":146,"column":2},"end":{"line":146,"column":32}},"53":{"start":{"line":147,"column":2},"end":{"line":147,"column":39}},"54":{"start":{"line":149,"column":2},"end":{"line":159,"column":5}},"55":{"start":{"line":150,"column":4},"end":{"line":150,"column":22}},"56":{"start":{"line":151,"column":4},"end":{"line":151,"column":24}},"57":{"start":{"line":152,"column":4},"end":{"line":154,"column":5}},"58":{"start":{"line":153,"column":6},"end":{"line":153,"column":16}},"59":{"start":{"line":155,"column":4},"end":{"line":157,"column":5}},"60":{"start":{"line":156,"column":6},"end":{"line":156,"column":37}},"61":{"start":{"line":158,"column":4},"end":{"line":158,"column":14}},"62":{"start":{"line":161,"column":2},"end":{"line":161,"column":31}},"63":{"start":{"line":171,"column":0},"end":{"line":177,"column":2}},"64":{"start":{"line":172,"column":2},"end":{"line":172,"column":36}},"65":{"start":{"line":173,"column":2},"end":{"line":175,"column":5}},"66":{"start":{"line":174,"column":4},"end":{"line":174,"column":25}},"67":{"start":{"line":176,"column":2},"end":{"line":176,"column":37}},"68":{"start":{"line":183,"column":0},"end":{"line":187,"column":1}},"69":{"start":{"line":184,"column":2},"end":{"line":184,"column":34}},"70":{"start":{"line":185,"column":2},"end":{"line":185,"column":34}},"71":{"start":{"line":186,"column":2},"end":{"line":186,"column":13}},"72":{"start":{"line":189,"column":0},"end":{"line":193,"column":1}},"73":{"start":{"line":190,"column":2},"end":{"line":190,"column":34}},"74":{"start":{"line":191,"column":2},"end":{"line":191,"column":34}},"75":{"start":{"line":192,"column":2},"end":{"line":192,"column":13}}},"branchMap":{"1":{"line":11,"type":"if","locations":[{"start":{"line":11,"column":2},"end":{"line":11,"column":2}},{"start":{"line":11,"column":2},"end":{"line":11,"column":2}}]},"2":{"line":14,"type":"binary-expr","locations":[{"start":{"line":14,"column":17},"end":{"line":14,"column":24}},{"start":{"line":14,"column":28},"end":{"line":14,"column":30}}]},"3":{"line":28,"type":"binary-expr","locations":[{"start":{"line":28,"column":23},"end":{"line":28,"column":41}},{"start":{"line":28,"column":45},"end":{"line":28,"column":50}}]},"4":{"line":38,"type":"if","locations":[{"start":{"line":38,"column":2},"end":{"line":38,"column":2}},{"start":{"line":38,"column":2},"end":{"line":38,"column":2}}]},"5":{"line":51,"type":"if","locations":[{"start":{"line":51,"column":2},"end":{"line":51,"column":2}},{"start":{"line":51,"column":2},"end":{"line":51,"column":2}}]},"6":{"line":66,"type":"if","locations":[{"start":{"line":66,"column":2},"end":{"line":66,"column":2}},{"start":{"line":66,"column":2},"end":{"line":66,"column":2}}]},"7":{"line":66,"type":"binary-expr","locations":[{"start":{"line":66,"column":6},"end":{"line":66,"column":36}},{"start":{"line":66,"column":40},"end":{"line":66,"column":69}}]},"8":{"line":72,"type":"if","locations":[{"start":{"line":72,"column":4},"end":{"line":72,"column":4}},{"start":{"line":72,"column":4},"end":{"line":72,"column":4}}]},"9":{"line":72,"type":"binary-expr","locations":[{"start":{"line":72,"column":8},"end":{"line":72,"column":9}},{"start":{"line":72,"column":13},"end":{"line":72,"column":14}},{"start":{"line":72,"column":19},"end":{"line":72,"column":40}}]},"10":{"line":87,"type":"if","locations":[{"start":{"line":87,"column":2},"end":{"line":87,"column":2}},{"start":{"line":87,"column":2},"end":{"line":87,"column":2}}]},"11":{"line":97,"type":"if","locations":[{"start":{"line":97,"column":2},"end":{"line":97,"column":2}},{"start":{"line":97,"column":2},"end":{"line":97,"column":2}}]},"12":{"line":99,"type":"if","locations":[{"start":{"line":99,"column":2},"end":{"line":99,"column":2}},{"start":{"line":99,"column":2},"end":{"line":99,"column":2}}]},"13":{"line":109,"type":"binary-expr","locations":[{"start":{"line":109,"column":32},"end":{"line":109,"column":39}},{"start":{"line":109,"column":43},"end":{"line":109,"column":55}}]},"14":{"line":129,"type":"if","locations":[{"start":{"line":129,"column":2},"end":{"line":129,"column":2}},{"start":{"line":129,"column":2},"end":{"line":129,"column":2}}]},"15":{"line":130,"type":"if","locations":[{"start":{"line":130,"column":2},"end":{"line":130,"column":2}},{"start":{"line":130,"column":2},"end":{"line":130,"column":2}}]},"16":{"line":130,"type":"binary-expr","locations":[{"start":{"line":130,"column":6},"end":{"line":130,"column":7}},{"start":{"line":130,"column":11},"end":{"line":130,"column":12}},{"start":{"line":130,"column":16},"end":{"line":130,"column":37}}]},"17":{"line":151,"type":"binary-expr","locations":[{"start":{"line":151,"column":13},"end":{"line":151,"column":14}},{"start":{"line":151,"column":18},"end":{"line":151,"column":23}}]},"18":{"line":152,"type":"if","locations":[{"start":{"line":152,"column":4},"end":{"line":152,"column":4}},{"start":{"line":152,"column":4},"end":{"line":152,"column":4}}]},"19":{"line":155,"type":"if","locations":[{"start":{"line":155,"column":4},"end":{"line":155,"column":4}},{"start":{"line":155,"column":4},"end":{"line":155,"column":4}}]}},"code":["'use strict';","","var chars = require('./chars');","var utils = require('./utils');","","/**"," * Expose `Glob`"," */","","var Glob = module.exports = function Glob(pattern, options) {","  if (!(this instanceof Glob)) {","    return new Glob(pattern, options);","  }","  this.options = options || {};","  this.pattern = pattern;","  this.history = [];","  this.tokens = {};","  this.init(pattern);","};","","/**"," * Initialize defaults"," */","","Glob.prototype.init = function(pattern) {","  this.orig = pattern;","  this.negated = this.isNegated();","  this.options.track = this.options.track || false;","  this.options.makeRe = true;","};","","/**"," * Push a change into `glob.history`. Useful"," * for debugging."," */","","Glob.prototype.track = function(msg) {","  if (this.options.track) {","    this.history.push({msg: msg, pattern: this.pattern});","  }","};","","/**"," * Return true if `glob.pattern` was negated"," * with `!`, also remove the `!` from the pattern."," *"," * @return {Boolean}"," */","","Glob.prototype.isNegated = function() {","  if (this.pattern.charCodeAt(0) === 33 /* '!' */) {","    this.pattern = this.pattern.slice(1);","    return true;","  }","  return false;","};","","/**"," * Expand braces in the given glob pattern."," *"," * We only need to use the [braces] lib when"," * patterns are nested."," */","","Glob.prototype.braces = function() {","  if (this.options.nobraces !== true && this.options.nobrace !== true) {","    // naive/fast check for imbalanced characters","    var a = this.pattern.match(/[\\{\\(\\[]/g);","    var b = this.pattern.match(/[\\}\\)\\]]/g);","","    // if imbalanced, don't optimize the pattern","    if (a && b && (a.length !== b.length)) {","      this.options.makeRe = false;","    }","","    // expand brace patterns and join the resulting array","    var expanded = utils.braces(this.pattern, this.options);","    this.pattern = expanded.join('|');","  }","};","","/**"," * Expand bracket expressions in `glob.pattern`"," */","","Glob.prototype.brackets = function() {","  if (this.options.nobrackets !== true) {","    this.pattern = utils.brackets(this.pattern);","  }","};","","/**"," * Expand bracket expressions in `glob.pattern`"," */","","Glob.prototype.extglob = function() {","  if (this.options.noextglob === true) return;","","  if (utils.isExtglob(this.pattern)) {","    this.pattern = utils.extglob(this.pattern, {escape: true});","  }","};","","/**"," * Parse the given pattern"," */","","Glob.prototype.parse = function(pattern) {","  this.tokens = utils.parseGlob(pattern || this.pattern, true);","  return this.tokens;","};","","/**"," * Replace `a` with `b`. Also tracks the change before and"," * after each replacement. This is disabled by default, but"," * can be enabled by setting `options.track` to true."," *"," * Also, when the pattern is a string, `.split()` is used,"," * because it's much faster than replace."," *"," * @param  {RegExp|String} `a`"," * @param  {String} `b`"," * @param  {Boolean} `escape` When `true`, escapes `*` and `?` in the replacement."," * @return {String}"," */","","Glob.prototype._replace = function(a, b, escape) {","  this.track('before (find): \"' + a + '\" (replace with): \"' + b + '\"');","  if (escape) b = esc(b);","  if (a && b && typeof a === 'string') {","    this.pattern = this.pattern.split(a).join(b);","  } else {","    this.pattern = this.pattern.replace(a, b);","  }","  this.track('after');","};","","/**"," * Escape special characters in the given string."," *"," * @param  {String} `str` Glob pattern"," * @return {String}"," */","","Glob.prototype.escape = function(str) {","  this.track('before escape: ');","  var re = /[\"\\\\](['\"]?[^\"'\\\\]['\"]?)/g;","","  this.pattern = str.replace(re, function($0, $1) {","    var o = chars.ESC;","    var ch = o && o[$1];","    if (ch) {","      return ch;","    }","    if (/[a-z]/i.test($0)) {","      return $0.split('\\\\').join('');","    }","    return $0;","  });","","  this.track('after escape: ');","};","","/**"," * Unescape special characters in the given string."," *"," * @param  {String} `str`"," * @return {String}"," */","","Glob.prototype.unescape = function(str) {","  var re = /__([A-Z]+)_([A-Z]+)__/g;","  this.pattern = str.replace(re, function($0, $1) {","    return chars[$1][$0];","  });","  this.pattern = unesc(this.pattern);","};","","/**"," * Escape/unescape utils"," */","","function esc(str) {","  str = str.split('?').join('%~');","  str = str.split('*').join('%%');","  return str;","}","","function unesc(str) {","  str = str.split('%~').join('?');","  str = str.split('%%').join('*');","  return str;","}",""],"l":{"3":1,"4":1,"10":1,"11":0,"12":0,"14":0,"15":0,"16":0,"17":0,"18":0,"25":1,"26":0,"27":0,"28":0,"29":0,"37":1,"38":0,"39":0,"50":1,"51":0,"52":0,"53":0,"55":0,"65":1,"66":0,"68":0,"69":0,"72":0,"73":0,"77":0,"78":0,"86":1,"87":0,"88":0,"96":1,"97":0,"99":0,"100":0,"108":1,"109":0,"110":0,"127":1,"128":0,"129":0,"130":0,"131":0,"133":0,"135":0,"145":1,"146":0,"147":0,"149":0,"150":0,"151":0,"152":0,"153":0,"155":0,"156":0,"158":0,"161":0,"171":1,"172":0,"173":0,"174":0,"176":0,"183":1,"184":0,"185":0,"186":0,"189":1,"190":0,"191":0,"192":0}},"/home/travis/build/npmtest/node-npmtest-micromatch/node_modules/micromatch/lib/chars.js":{"path":"/home/travis/build/npmtest/node-npmtest-micromatch/node_modules/micromatch/lib/chars.js","s":{"1":1,"2":1,"3":2,"4":20,"5":20,"6":20,"7":1,"8":1,"9":1,"10":1,"11":1,"12":1},"b":{"1":[10,10],"2":[1,1],"3":[1,1]},"f":{"1":2,"2":20},"fnMap":{"1":{"name":"reverse","line":5,"loc":{"start":{"line":5,"column":0},"end":{"line":5,"column":36}}},"2":{"name":"(anonymous_2)","line":6,"loc":{"start":{"line":6,"column":36},"end":{"line":6,"column":60}}}},"statementMap":{"1":{"start":{"line":3,"column":0},"end":{"line":3,"column":28}},"2":{"start":{"line":5,"column":0},"end":{"line":11,"column":1}},"3":{"start":{"line":6,"column":2},"end":{"line":10,"column":9}},"4":{"start":{"line":7,"column":4},"end":{"line":7,"column":51}},"5":{"start":{"line":8,"column":4},"end":{"line":8,"column":35}},"6":{"start":{"line":9,"column":4},"end":{"line":9,"column":20}},"7":{"start":{"line":17,"column":0},"end":{"line":27,"column":2}},"8":{"start":{"line":33,"column":0},"end":{"line":44,"column":2}},"9":{"start":{"line":50,"column":0},"end":{"line":50,"column":58}},"10":{"start":{"line":52,"column":0},"end":{"line":63,"column":2}},"11":{"start":{"line":65,"column":0},"end":{"line":65,"column":54}},"12":{"start":{"line":67,"column":0},"end":{"line":67,"column":23}}},"branchMap":{"1":{"line":7,"type":"cond-expr","locations":[{"start":{"line":7,"column":29},"end":{"line":7,"column":44}},{"start":{"line":7,"column":47},"end":{"line":7,"column":50}}]},"2":{"line":50,"type":"binary-expr","locations":[{"start":{"line":50,"column":14},"end":{"line":50,"column":19}},{"start":{"line":50,"column":24},"end":{"line":50,"column":56}}]},"3":{"line":65,"type":"binary-expr","locations":[{"start":{"line":65,"column":13},"end":{"line":65,"column":17}},{"start":{"line":65,"column":22},"end":{"line":65,"column":52}}]}},"code":["'use strict';","","var chars = {}, unesc, temp;","","function reverse(object, prepender) {","  return Object.keys(object).reduce(function(reversed, key) {","    var newKey = prepender ? prepender + key : key; // Optionally prepend a string to key.","    reversed[object[key]] = newKey; // Swap key and value.","    return reversed; // Return the result.","  }, {});","}","","/**"," * Regex for common characters"," */","","chars.escapeRegex = {","  '?': /\\?/g,","  '@': /\\@/g,","  '!': /\\!/g,","  '+': /\\+/g,","  '*': /\\*/g,","  '(': /\\(/g,","  ')': /\\)/g,","  '[': /\\[/g,","  ']': /\\]/g","};","","/**"," * Escape characters"," */","","chars.ESC = {","  '?': '__UNESC_QMRK__',","  '@': '__UNESC_AMPE__',","  '!': '__UNESC_EXCL__',","  '+': '__UNESC_PLUS__',","  '*': '__UNESC_STAR__',","  ',': '__UNESC_COMMA__',","  '(': '__UNESC_LTPAREN__',","  ')': '__UNESC_RTPAREN__',","  '[': '__UNESC_LTBRACK__',","  ']': '__UNESC_RTBRACK__'","};","","/**"," * Unescape characters"," */","","chars.UNESC = unesc || (unesc = reverse(chars.ESC, '\\\\'));","","chars.ESC_TEMP = {","  '?': '__TEMP_QMRK__',","  '@': '__TEMP_AMPE__',","  '!': '__TEMP_EXCL__',","  '*': '__TEMP_STAR__',","  '+': '__TEMP_PLUS__',","  ',': '__TEMP_COMMA__',","  '(': '__TEMP_LTPAREN__',","  ')': '__TEMP_RTPAREN__',","  '[': '__TEMP_LTBRACK__',","  ']': '__TEMP_RTBRACK__'","};","","chars.TEMP = temp || (temp = reverse(chars.ESC_TEMP));","","module.exports = chars;",""],"l":{"3":1,"5":1,"6":2,"7":20,"8":20,"9":20,"17":1,"33":1,"50":1,"52":1,"65":1,"67":1}}}